23:02:13.094 Config: {
	"UseFrontend": false,
	"UseMatchmaker": false,
	"UseHTTPS": false,
	"UseAuthentication": false,
	"LogToFile": true,
	"LogVerbose": true,
	"HomepageFile": "/Public/AiB.html",
	"AdditionalRoutes": {},
	"EnableWebserver": true,
	"MatchmakerAddress": "",
	"MatchmakerPort": "9999",
	"PublicIp": "localhost",
	"HttpPort": 8079,
	"HttpsPort": 8078,
	"StreamerPort": 8081,
	"SFUPort": 8082,
	"peerConnectionOptions": "{ \"iceServers\": [{\"urls\": [\"stun:stun.l.google.com:19302\"]}] }",
	"publicIp": "174.73.238.87"
}
23:02:13.125 peerConnectionOptions = {"iceServers":[{"urls":["stun:stun.l.google.com:19302"]}]}
23:02:13.129 Running Cirrus - The Pixel Streaming reference implementation signalling server for Unreal Engine 5.0.
23:02:13.140 WebSocket listening for Streamer connections on :8081
23:02:13.141 WebSocket listening for SFU connections on :8082
23:02:13.141 WebSocket listening for Players connections on :8079
23:02:13.143 Http listening on *: 8079
