12:14:42.015 Config: {
	"UseFrontend": false,
	"UseMatchmaker": false,
	"UseHTTPS": true,
	"UseAuthentication": false,
	"LogToFile": true,
	"LogVerbose": true,
	"HomepageFile": "/Public/AiB.html",
	"AdditionalRoutes": {},
	"EnableWebserver": true,
	"MatchmakerAddress": "",
	"MatchmakerPort": "9999",
	"PublicIp": "localhost",
	"HttpPort": 8079,
	"HttpsPort": 8078,
	"StreamerPort": 8081,
	"SFUPort": 8889,
	"peerConnectionOptions": "{ \"iceServers\": [{\"urls\": [\"stun:stun.l.google.com:19302\"]}] }",
	"publicIp": "174.73.238.87"
}
12:14:42.102 peerConnectionOptions = {"iceServers":[{"urls":["stun:stun.l.google.com:19302"]}]}
12:14:42.103 Redirecting http->https
12:14:42.106 Running Cirrus - The Pixel Streaming reference implementation signalling server for Unreal Engine 5.0.
12:14:42.114 WebSocket listening for Streamer connections on :8081
12:14:42.115 WebSocket listening for SFU connections on :8889
12:14:42.116 WebSocket listening for Players connections on :8079
12:14:42.117 Http listening on *: 8079
12:14:42.117 Https listening on *: 8078
12:14:42.618 Streamer connected: ::1
12:15:42.690 [37m-> Streamer[34m: {"type":"ping","time":1654370142}
12:15:42.691 [37m<- Streamer[32m: {"type":"pong","time":1654370142}
12:16:42.693 [37m-> Streamer[34m: {"type":"ping","time":1654370202}
12:16:42.694 [37m<- Streamer[32m: {"type":"pong","time":1654370202}
