17:58:17.217 Config: {
	"UseFrontend": false,
	"UseMatchmaker": false,
	"UseHTTPS": true,
	"UseAuthentication": false,
	"LogToFile": true,
	"LogVerbose": true,
	"HomepageFile": "/Public/AiB.html",
	"AdditionalRoutes": {},
	"EnableWebserver": true,
	"MatchmakerAddress": "",
	"MatchmakerPort": "9999",
	"PublicIp": "localhost",
	"HttpPort": 8079,
	"HttpsPort": 443,
	"StreamerPort": 8081,
	"SFUPort": 8082,
	"peerConnectionOptions": "{ \"iceServers\": [{\"urls\": [\"stun:stun.l.google.com:19302\"]}] }",
	"publicIp": "174.73.238.87"
}
17:58:17.295 peerConnectionOptions = {"iceServers":[{"urls":["stun:stun.l.google.com:19302"]}]}
17:58:17.296 Redirecting http->https
17:58:17.299 Running Cirrus - The Pixel Streaming reference implementation signalling server for Unreal Engine 5.0.
17:58:17.307 WebSocket listening for Streamer connections on :8081
17:58:17.308 WebSocket listening for SFU connections on :8082
17:58:17.308 WebSocket listening for Players connections on :8079
17:58:17.310 Http listening on *: 8079
17:58:17.310 Https listening on *: 443
