13:00:46.704 Config: {
	"UseFrontend": false,
	"UseMatchmaker": false,
	"UseHTTPS": false,
	"UseAuthentication": false,
	"LogToFile": true,
	"LogVerbose": true,
	"HomepageFile": "/Public/player.html",
	"AdditionalRoutes": {},
	"EnableWebserver": true,
	"MatchmakerAddress": "",
	"MatchmakerPort": "9999",
	"PublicIp": "localhost",
	"HttpPort": 80,
	"HttpsPort": 443,
	"StreamerPort": 8888,
	"SFUPort": 8889,
	"peerConnectionOptions": "{ \"iceServers\": [{\"urls\": [\"stun:stun.l.google.com:19302\"]}] }",
	"publicIp": "174.73.238.87"
}
13:00:46.740 peerConnectionOptions = {"iceServers":[{"urls":["stun:stun.l.google.com:19302"]}]}
13:00:46.744 Running Cirrus - The Pixel Streaming reference implementation signalling server for Unreal Engine 5.0.
13:00:46.756 WebSocket listening for Streamer connections on :8888
13:00:46.757 WebSocket listening for SFU connections on :8889
13:00:46.757 WebSocket listening for Players connections on :80
13:00:46.758 Http listening on *: 80
