17:20:15.988 Config: {
	"UseFrontend": false,
	"UseMatchmaker": false,
	"UseHTTPS": false,
	"UseAuthentication": false,
	"LogToFile": true,
	"LogVerbose": true,
	"HomepageFile": "/AiB/AiB.htm",
	"AdditionalRoutes": {},
	"EnableWebserver": true,
	"MatchmakerAddress": "",
	"MatchmakerPort": "9999",
	"PublicIp": "localhost",
	"HttpPort": 8079,
	"HttpsPort": 443,
	"StreamerPort": 8081,
	"SFUPort": 8082,
	"peerConnectionOptions": "{ \"iceServers\": [{\"urls\": [\"stun:stun.l.google.com:19302\"]}] }",
	"publicIp": "174.73.238.87"
}
17:20:16.009 peerConnectionOptions = {"iceServers":[{"urls":["stun:stun.l.google.com:19302"]}]}
17:20:16.012 Running Cirrus - The Pixel Streaming reference implementation signalling server for Unreal Engine 5.0.
17:20:16.021 WebSocket listening for Streamer connections on :8081
17:20:16.021 WebSocket listening for SFU connections on :8082
17:20:16.022 WebSocket listening for Players connections on :8079
17:20:16.023 Http listening on *: 8079
