13:01:55.040 Config: {
	"UseFrontend": false,
	"UseMatchmaker": false,
	"UseHTTPS": false,
	"UseAuthentication": false,
	"LogToFile": true,
	"LogVerbose": true,
	"HomepageFile": "/Public/player.html",
	"AdditionalRoutes": {},
	"EnableWebserver": true,
	"MatchmakerAddress": "",
	"MatchmakerPort": "9999",
	"PublicIp": "localhost",
	"HttpPort": 8079,
	"HttpsPort": 443,
	"StreamerPort": 8081,
	"SFUPort": 8889,
	"peerConnectionOptions": "{ \"iceServers\": [{\"urls\": [\"stun:stun.l.google.com:19302\"]}] }",
	"publicIp": "174.73.238.87"
}
13:01:55.065 peerConnectionOptions = {"iceServers":[{"urls":["stun:stun.l.google.com:19302"]}]}
13:01:55.069 Running Cirrus - The Pixel Streaming reference implementation signalling server for Unreal Engine 5.0.
13:01:55.079 WebSocket listening for Streamer connections on :8081
13:01:55.080 WebSocket listening for SFU connections on :8889
13:01:55.081 WebSocket listening for Players connections on :8079
13:01:55.082 Http listening on *: 8079
13:01:55.532 Streamer connected: ::1
