20:22:12.978 Config: {
	"UseFrontend": false,
	"UseMatchmaker": false,
	"UseHTTPS": true,
	"UseAuthentication": false,
	"LogToFile": true,
	"LogVerbose": true,
	"HomepageFile": "/Public/AiB.html",
	"AdditionalRoutes": {},
	"EnableWebserver": true,
	"MatchmakerAddress": "",
	"MatchmakerPort": "9999",
	"PublicIp": "localhost",
	"HttpPort": 80,
	"HttpsPort": 443,
	"StreamerPort": 8081,
	"SFUPort": 8082,
	"peerConnectionOptions": "{ \"iceServers\": [{\"urls\": [\"stun:stun.l.google.com:19302\"]}] }",
	"publicIp": "174.73.238.87"
}
20:22:13.059 peerConnectionOptions = {"iceServers":[{"urls":["stun:stun.l.google.com:19302"]}]}
20:22:13.060 Redirecting http->https
20:22:13.063 Running Cirrus - The Pixel Streaming reference implementation signalling server for Unreal Engine 5.0.
20:22:13.071 WebSocket listening for Streamer connections on :8081
20:22:13.072 WebSocket listening for SFU connections on :8082
20:22:13.072 WebSocket listening for Players connections on :80
20:22:13.074 Http listening on *: 80
20:22:13.074 Https listening on *: 443
