21:15:24.094 Config: {
	"UseFrontend": false,
	"UseMatchmaker": false,
	"UseHTTPS": false,
	"UseAuthentication": false,
	"LogToFile": true,
	"LogVerbose": true,
	"HomepageFile": "/Public/AiB.html",
	"AdditionalRoutes": {},
	"EnableWebserver": true,
	"MatchmakerAddress": "",
	"MatchmakerPort": "9999",
	"PublicIp": "localhost",
	"HttpPort": 8079,
	"HttpsPort": 8078,
	"StreamerPort": 8081,
	"SFUPort": 8889,
	"peerConnectionOptions": "{ \"iceServers\": [{\"urls\": [\"stun:stun.l.google.com:19302\"]}] }",
	"publicIp": "174.73.232.169"
}
21:15:24.116 peerConnectionOptions = {"iceServers":[{"urls":["stun:stun.l.google.com:19302"]}]}
21:15:24.120 Running Cirrus - The Pixel Streaming reference implementation signalling server for Unreal Engine 5.0.
21:15:24.128 WebSocket listening for Streamer connections on :8081
21:15:24.129 WebSocket listening for SFU connections on :8889
21:15:24.129 WebSocket listening for Players connections on :8079
21:15:24.131 Http listening on *: 8079
21:15:24.358 Streamer connected: ::1
21:16:24.434 [37m-> Streamer[34m: {"type":"ping","time":1658722584}
21:16:24.435 [37m<- Streamer[32m: {"type":"pong","time":1658722584}
21:17:26.944 [37m-> Streamer[34m: {"type":"ping","time":1658722644}
21:17:26.946 [37m<- Streamer[32m: {"type":"pong","time":1658722644}
21:18:24.421 [37m-> Streamer[34m: {"type":"ping","time":1658722704}
21:18:24.422 [37m<- Streamer[32m: {"type":"pong","time":1658722704}
21:19:24.410 [37m-> Streamer[34m: {"type":"ping","time":1658722764}
21:19:24.411 [37m<- Streamer[32m: {"type":"pong","time":1658722764}
21:20:24.438 [37m-> Streamer[34m: {"type":"ping","time":1658722824}
21:20:24.439 [37m<- Streamer[32m: {"type":"pong","time":1658722824}
