18:08:04.954 Config: {
	"UseFrontend": false,
	"UseMatchmaker": false,
	"UseHTTPS": true,
	"UseAuthentication": false,
	"LogToFile": true,
	"LogVerbose": true,
	"HomepageFile": "/Public/AiB.html",
	"AdditionalRoutes": {},
	"EnableWebserver": true,
	"MatchmakerAddress": "",
	"MatchmakerPort": "9999",
	"PublicIp": "localhost",
	"HttpPort": 8079,
	"HttpsPort": 8078,
	"StreamerPort": 8081,
	"SFUPort": 8082,
	"peerConnectionOptions": "{ \"iceServers\": [{\"urls\": [\"stun:stun.l.google.com:19302\"]}] }",
	"publicIp": "174.73.238.87"
}
18:08:05.032 peerConnectionOptions = {"iceServers":[{"urls":["stun:stun.l.google.com:19302"]}]}
18:08:05.034 Redirecting http->https
18:08:05.037 Running Cirrus - The Pixel Streaming reference implementation signalling server for Unreal Engine 5.0.
18:08:05.044 WebSocket listening for Streamer connections on :8081
18:08:05.045 WebSocket listening for SFU connections on :8082
18:08:05.045 WebSocket listening for Players connections on :8079
18:08:05.046 Http listening on *: 8079
18:08:05.047 Https listening on *: 8078
