12:20:43.447 Config: {
	"UseFrontend": false,
	"UseMatchmaker": false,
	"UseHTTPS": false,
	"UseAuthentication": false,
	"LogToFile": true,
	"LogVerbose": true,
	"HomepageFile": "/Public/player.html",
	"AdditionalRoutes": {},
	"EnableWebserver": true,
	"MatchmakerAddress": "",
	"MatchmakerPort": "9999",
	"PublicIp": "localhost",
	"HttpPort": 80,
	"HttpsPort": 443,
	"StreamerPort": 8080,
	"SFUPort": 8081,
	"peerConnectionOptions": "{ \"iceServers\": [{\"urls\": [\"stun:stun.l.google.com:19302\"]}] }",
	"publicIp": "174.73.238.87"
}
12:20:43.469 peerConnectionOptions = {"iceServers":[{"urls":["stun:stun.l.google.com:19302"]}]}
12:20:43.473 Running Cirrus - The Pixel Streaming reference implementation signalling server for Unreal Engine 5.0.
12:20:43.482 WebSocket listening for Streamer connections on :8080
12:20:43.482 WebSocket listening for SFU connections on :8081
12:20:43.483 WebSocket listening for Players connections on :80
12:20:43.484 Http listening on *: 80
