18:10:08.425 Config: {
	"UseFrontend": false,
	"UseMatchmaker": false,
	"UseHTTPS": true,
	"UseAuthentication": false,
	"LogToFile": true,
	"LogVerbose": true,
	"HomepageFile": "/Public/AiB.html",
	"AdditionalRoutes": {},
	"EnableWebserver": true,
	"MatchmakerAddress": "",
	"MatchmakerPort": "9999",
	"PublicIp": "localhost",
	"HttpPort": 80,
	"HttpsPort": 443,
	"StreamerPort": 8081,
	"SFUPort": 8082,
	"peerConnectionOptions": "{ \"iceServers\": [{\"urls\": [\"stun:stun.l.google.com:19302\"]}] }",
	"publicIp": "174.73.238.87"
}
18:10:08.504 peerConnectionOptions = {"iceServers":[{"urls":["stun:stun.l.google.com:19302"]}]}
18:10:08.505 Redirecting http->https
18:10:08.508 Running Cirrus - The Pixel Streaming reference implementation signalling server for Unreal Engine 5.0.
18:10:08.515 WebSocket listening for Streamer connections on :8081
18:10:08.516 WebSocket listening for SFU connections on :8082
18:10:08.517 WebSocket listening for Players connections on :80
18:10:08.518 Http listening on *: 80
18:10:08.518 Https listening on *: 443
