18:11:45.289 Config: {
	"UseFrontend": false,
	"UseMatchmaker": false,
	"UseHTTPS": true,
	"UseAuthentication": false,
	"LogToFile": true,
	"LogVerbose": true,
	"HomepageFile": "/Public/AiB.html",
	"AdditionalRoutes": {},
	"EnableWebserver": true,
	"MatchmakerAddress": "",
	"MatchmakerPort": "9999",
	"PublicIp": "localhost",
	"HttpPort": 80,
	"HttpsPort": 443,
	"StreamerPort": 8081,
	"SFUPort": 8082,
	"peerConnectionOptions": "{ \"iceServers\": [{\"urls\": [\"stun:stun.l.google.com:19302\"]}] }",
	"publicIp": "174.73.238.87"
}
18:11:45.366 peerConnectionOptions = {"iceServers":[{"urls":["stun:stun.l.google.com:19302"]}]}
18:11:45.368 Redirecting http->https
18:11:45.371 Running Cirrus - The Pixel Streaming reference implementation signalling server for Unreal Engine 5.0.
18:11:45.378 WebSocket listening for Streamer connections on :8081
18:11:45.379 WebSocket listening for SFU connections on :8082
18:11:45.380 WebSocket listening for Players connections on :80
18:11:45.381 Http listening on *: 80
18:11:45.381 Https listening on *: 443
