11:28:47.533 Config: {
	"UseFrontend": false,
	"UseMatchmaker": false,
	"UseHTTPS": false,
	"UseAuthentication": false,
	"LogToFile": true,
	"LogVerbose": true,
	"HomepageFile": "/Public/AiB.html",
	"AdditionalRoutes": {},
	"EnableWebserver": true,
	"MatchmakerAddress": "",
	"MatchmakerPort": "9999",
	"PublicIp": "localhost",
	"HttpPort": 8079,
	"HttpsPort": 8078,
	"StreamerPort": 8081,
	"SFUPort": 8889,
	"peerConnectionOptions": "{ \"iceServers\": [{\"urls\": [\"stun:stun.l.google.com:19302\"]}] }",
	"publicIp": "174.73.232.169"
}
11:28:47.563 peerConnectionOptions = {"iceServers":[{"urls":["stun:stun.l.google.com:19302"]}]}
11:28:47.567 Running Cirrus - The Pixel Streaming reference implementation signalling server for Unreal Engine 5.0.
11:28:47.577 WebSocket listening for Streamer connections on :8081
11:28:47.578 WebSocket listening for SFU connections on :8889
11:28:47.581 WebSocket listening for Players connections on :8079
11:28:47.582 Http listening on *: 8079
11:29:06.225 Streamer connected: ::1
11:30:07.394 [37m-> Streamer[34m: {"type":"ping","time":1657823407}
11:30:07.395 [37m<- Streamer[32m: {"type":"pong","time":1657823407}
11:31:07.398 [37m-> Streamer[34m: {"type":"ping","time":1657823467}
11:31:07.399 [37m<- Streamer[32m: {"type":"pong","time":1657823467}
11:32:07.371 [37m-> Streamer[34m: {"type":"ping","time":1657823527}
11:32:07.372 [37m<- Streamer[32m: {"type":"pong","time":1657823527}
11:33:07.382 [37m-> Streamer[34m: {"type":"ping","time":1657823587}
11:33:07.382 [37m<- Streamer[32m: {"type":"pong","time":1657823587}
11:34:07.388 [37m-> Streamer[34m: {"type":"ping","time":1657823647}
11:34:07.388 [37m<- Streamer[32m: {"type":"pong","time":1657823647}
11:35:07.401 [37m-> Streamer[34m: {"type":"ping","time":1657823707}
11:35:07.401 [37m<- Streamer[32m: {"type":"pong","time":1657823707}
11:36:07.367 [37m-> Streamer[34m: {"type":"ping","time":1657823767}
11:36:07.368 [37m<- Streamer[32m: {"type":"pong","time":1657823767}
11:37:07.401 [37m-> Streamer[34m: {"type":"ping","time":1657823827}
11:37:07.410 [37m<- Streamer[32m: {"type":"pong","time":1657823827}
11:38:07.377 [37m-> Streamer[34m: {"type":"ping","time":1657823887}
11:38:07.378 [37m<- Streamer[32m: {"type":"pong","time":1657823887}
11:39:07.404 [37m-> Streamer[34m: {"type":"ping","time":1657823947}
11:39:07.405 [37m<- Streamer[32m: {"type":"pong","time":1657823947}
11:40:07.379 [37m-> Streamer[34m: {"type":"ping","time":1657824007}
11:40:07.380 [37m<- Streamer[32m: {"type":"pong","time":1657824007}
11:41:07.374 [37m-> Streamer[34m: {"type":"ping","time":1657824067}
11:41:07.375 [37m<- Streamer[32m: {"type":"pong","time":1657824067}
11:42:07.396 [37m-> Streamer[34m: {"type":"ping","time":1657824127}
11:42:07.397 [37m<- Streamer[32m: {"type":"pong","time":1657824127}
11:43:07.363 [37m-> Streamer[34m: {"type":"ping","time":1657824187}
11:43:07.364 [37m<- Streamer[32m: {"type":"pong","time":1657824187}
11:44:07.378 [37m-> Streamer[34m: {"type":"ping","time":1657824247}
11:44:07.379 [37m<- Streamer[32m: {"type":"pong","time":1657824247}
11:45:07.398 [37m-> Streamer[34m: {"type":"ping","time":1657824307}
11:45:07.399 [37m<- Streamer[32m: {"type":"pong","time":1657824307}
11:46:07.369 [37m-> Streamer[34m: {"type":"ping","time":1657824367}
11:46:07.370 [37m<- Streamer[32m: {"type":"pong","time":1657824367}
11:47:07.380 [37m-> Streamer[34m: {"type":"ping","time":1657824427}
11:47:07.382 [37m<- Streamer[32m: {"type":"pong","time":1657824427}
11:48:07.386 [37m-> Streamer[34m: {"type":"ping","time":1657824487}
11:48:07.388 [37m<- Streamer[32m: {"type":"pong","time":1657824487}
11:49:07.387 [37m-> Streamer[34m: {"type":"ping","time":1657824547}
11:49:07.388 [37m<- Streamer[32m: {"type":"pong","time":1657824547}
11:50:07.399 [37m-> Streamer[34m: {"type":"ping","time":1657824607}
11:50:07.400 [37m<- Streamer[32m: {"type":"pong","time":1657824607}
11:51:07.374 [37m-> Streamer[34m: {"type":"ping","time":1657824667}
11:51:07.375 [37m<- Streamer[32m: {"type":"pong","time":1657824667}
11:52:07.395 [37m-> Streamer[34m: {"type":"ping","time":1657824727}
11:52:07.396 [37m<- Streamer[32m: {"type":"pong","time":1657824727}
11:53:07.366 [37m-> Streamer[34m: {"type":"ping","time":1657824787}
11:53:07.367 [37m<- Streamer[32m: {"type":"pong","time":1657824787}
11:54:07.390 [37m-> Streamer[34m: {"type":"ping","time":1657824847}
11:54:07.391 [37m<- Streamer[32m: {"type":"pong","time":1657824847}
11:55:07.398 [37m-> Streamer[34m: {"type":"ping","time":1657824907}
11:55:07.399 [37m<- Streamer[32m: {"type":"pong","time":1657824907}
11:56:07.380 [37m-> Streamer[34m: {"type":"ping","time":1657824967}
11:56:07.381 [37m<- Streamer[32m: {"type":"pong","time":1657824967}
11:57:07.389 [37m-> Streamer[34m: {"type":"ping","time":1657825027}
11:57:07.390 [37m<- Streamer[32m: {"type":"pong","time":1657825027}
11:58:07.377 [37m-> Streamer[34m: {"type":"ping","time":1657825087}
11:58:07.378 [37m<- Streamer[32m: {"type":"pong","time":1657825087}
11:59:07.377 [37m-> Streamer[34m: {"type":"ping","time":1657825147}
11:59:07.378 [37m<- Streamer[32m: {"type":"pong","time":1657825147}
12:00:07.362 [37m-> Streamer[34m: {"type":"ping","time":1657825207}
12:00:07.363 [37m<- Streamer[32m: {"type":"pong","time":1657825207}
12:01:07.388 [37m-> Streamer[34m: {"type":"ping","time":1657825267}
12:01:07.390 [37m<- Streamer[32m: {"type":"pong","time":1657825267}
12:02:07.394 [37m-> Streamer[34m: {"type":"ping","time":1657825327}
12:02:07.395 [37m<- Streamer[32m: {"type":"pong","time":1657825327}
12:03:07.403 [37m-> Streamer[34m: {"type":"ping","time":1657825387}
12:03:07.404 [37m<- Streamer[32m: {"type":"pong","time":1657825387}
12:04:07.400 [37m-> Streamer[34m: {"type":"ping","time":1657825447}
12:04:07.401 [37m<- Streamer[32m: {"type":"pong","time":1657825447}
12:05:07.392 [37m-> Streamer[34m: {"type":"ping","time":1657825507}
12:05:07.393 [37m<- Streamer[32m: {"type":"pong","time":1657825507}
12:06:07.376 [37m-> Streamer[34m: {"type":"ping","time":1657825567}
12:06:07.377 [37m<- Streamer[32m: {"type":"pong","time":1657825567}
12:07:07.387 [37m-> Streamer[34m: {"type":"ping","time":1657825627}
12:07:07.389 [37m<- Streamer[32m: {"type":"pong","time":1657825627}
12:08:07.370 [37m-> Streamer[34m: {"type":"ping","time":1657825687}
12:08:07.371 [37m<- Streamer[32m: {"type":"pong","time":1657825687}
12:09:07.384 [37m-> Streamer[34m: {"type":"ping","time":1657825747}
12:09:07.385 [37m<- Streamer[32m: {"type":"pong","time":1657825747}
12:10:07.408 [37m-> Streamer[34m: {"type":"ping","time":1657825807}
12:10:07.409 [37m<- Streamer[32m: {"type":"pong","time":1657825807}
12:11:07.365 [37m-> Streamer[34m: {"type":"ping","time":1657825867}
12:11:07.366 [37m<- Streamer[32m: {"type":"pong","time":1657825867}
12:12:07.368 [37m-> Streamer[34m: {"type":"ping","time":1657825927}
12:12:07.369 [37m<- Streamer[32m: {"type":"pong","time":1657825927}
12:13:07.396 [37m-> Streamer[34m: {"type":"ping","time":1657825987}
12:13:07.396 [37m<- Streamer[32m: {"type":"pong","time":1657825987}
12:14:07.395 [37m-> Streamer[34m: {"type":"ping","time":1657826047}
12:14:07.396 [37m<- Streamer[32m: {"type":"pong","time":1657826047}
12:15:07.392 [37m-> Streamer[34m: {"type":"ping","time":1657826107}
12:15:07.393 [37m<- Streamer[32m: {"type":"pong","time":1657826107}
12:16:07.389 [37m-> Streamer[34m: {"type":"ping","time":1657826167}
12:16:07.390 [37m<- Streamer[32m: {"type":"pong","time":1657826167}
12:17:07.391 [37m-> Streamer[34m: {"type":"ping","time":1657826227}
12:17:07.392 [37m<- Streamer[32m: {"type":"pong","time":1657826227}
12:18:07.372 [37m-> Streamer[34m: {"type":"ping","time":1657826287}
12:18:07.373 [37m<- Streamer[32m: {"type":"pong","time":1657826287}
12:19:07.370 [37m-> Streamer[34m: {"type":"ping","time":1657826347}
12:19:07.371 [37m<- Streamer[32m: {"type":"pong","time":1657826347}
12:20:07.377 [37m-> Streamer[34m: {"type":"ping","time":1657826407}
12:20:07.378 [37m<- Streamer[32m: {"type":"pong","time":1657826407}
12:21:07.373 [37m-> Streamer[34m: {"type":"ping","time":1657826467}
12:21:07.374 [37m<- Streamer[32m: {"type":"pong","time":1657826467}
12:22:07.401 [37m-> Streamer[34m: {"type":"ping","time":1657826527}
12:22:07.402 [37m<- Streamer[32m: {"type":"pong","time":1657826527}
12:23:07.392 [37m-> Streamer[34m: {"type":"ping","time":1657826587}
12:23:07.393 [37m<- Streamer[32m: {"type":"pong","time":1657826587}
12:24:07.382 [37m-> Streamer[34m: {"type":"ping","time":1657826647}
12:24:07.383 [37m<- Streamer[32m: {"type":"pong","time":1657826647}
12:25:07.394 [37m-> Streamer[34m: {"type":"ping","time":1657826707}
12:25:07.395 [37m<- Streamer[32m: {"type":"pong","time":1657826707}
12:26:07.381 [37m-> Streamer[34m: {"type":"ping","time":1657826767}
12:26:07.382 [37m<- Streamer[32m: {"type":"pong","time":1657826767}
12:27:07.371 [37m-> Streamer[34m: {"type":"ping","time":1657826827}
12:27:07.372 [37m<- Streamer[32m: {"type":"pong","time":1657826827}
12:28:07.399 [37m-> Streamer[34m: {"type":"ping","time":1657826887}
12:28:07.400 [37m<- Streamer[32m: {"type":"pong","time":1657826887}
12:29:07.386 [37m-> Streamer[34m: {"type":"ping","time":1657826947}
12:29:07.387 [37m<- Streamer[32m: {"type":"pong","time":1657826947}
12:30:07.378 [37m-> Streamer[34m: {"type":"ping","time":1657827007}
12:30:07.380 [37m<- Streamer[32m: {"type":"pong","time":1657827007}
12:31:07.396 [37m-> Streamer[34m: {"type":"ping","time":1657827067}
12:31:07.397 [37m<- Streamer[32m: {"type":"pong","time":1657827067}
12:32:07.387 [37m-> Streamer[34m: {"type":"ping","time":1657827127}
12:32:07.388 [37m<- Streamer[32m: {"type":"pong","time":1657827127}
12:33:07.403 [37m-> Streamer[34m: {"type":"ping","time":1657827187}
12:33:07.404 [37m<- Streamer[32m: {"type":"pong","time":1657827187}
12:34:07.380 [37m-> Streamer[34m: {"type":"ping","time":1657827247}
12:34:07.381 [37m<- Streamer[32m: {"type":"pong","time":1657827247}
12:35:07.381 [37m-> Streamer[34m: {"type":"ping","time":1657827307}
12:35:07.382 [37m<- Streamer[32m: {"type":"pong","time":1657827307}
12:36:07.370 [37m-> Streamer[34m: {"type":"ping","time":1657827367}
12:36:07.371 [37m<- Streamer[32m: {"type":"pong","time":1657827367}
12:37:07.377 [37m-> Streamer[34m: {"type":"ping","time":1657827427}
12:37:07.378 [37m<- Streamer[32m: {"type":"pong","time":1657827427}
12:38:07.394 [37m-> Streamer[34m: {"type":"ping","time":1657827487}
12:38:07.394 [37m<- Streamer[32m: {"type":"pong","time":1657827487}
12:39:07.389 [37m-> Streamer[34m: {"type":"ping","time":1657827547}
12:39:07.391 [37m<- Streamer[32m: {"type":"pong","time":1657827547}
12:40:07.405 [37m-> Streamer[34m: {"type":"ping","time":1657827607}
12:40:07.406 [37m<- Streamer[32m: {"type":"pong","time":1657827607}
12:41:07.370 [37m-> Streamer[34m: {"type":"ping","time":1657827667}
12:41:07.371 [37m<- Streamer[32m: {"type":"pong","time":1657827667}
12:42:07.385 [37m-> Streamer[34m: {"type":"ping","time":1657827727}
12:42:07.386 [37m<- Streamer[32m: {"type":"pong","time":1657827727}
12:43:07.380 [37m-> Streamer[34m: {"type":"ping","time":1657827787}
12:43:07.380 [37m<- Streamer[32m: {"type":"pong","time":1657827787}
12:44:07.392 [37m-> Streamer[34m: {"type":"ping","time":1657827847}
12:44:07.394 [37m<- Streamer[32m: {"type":"pong","time":1657827847}
12:45:07.389 [37m-> Streamer[34m: {"type":"ping","time":1657827907}
12:45:07.390 [37m<- Streamer[32m: {"type":"pong","time":1657827907}
12:46:07.381 [37m-> Streamer[34m: {"type":"ping","time":1657827967}
12:46:07.382 [37m<- Streamer[32m: {"type":"pong","time":1657827967}
12:47:07.391 [37m-> Streamer[34m: {"type":"ping","time":1657828027}
12:47:07.392 [37m<- Streamer[32m: {"type":"pong","time":1657828027}
12:48:07.385 [37m-> Streamer[34m: {"type":"ping","time":1657828087}
12:48:07.386 [37m<- Streamer[32m: {"type":"pong","time":1657828087}
12:49:07.391 [37m-> Streamer[34m: {"type":"ping","time":1657828147}
12:49:07.392 [37m<- Streamer[32m: {"type":"pong","time":1657828147}
12:50:07.400 [37m-> Streamer[34m: {"type":"ping","time":1657828207}
12:50:07.402 [37m<- Streamer[32m: {"type":"pong","time":1657828207}
12:51:07.386 [37m-> Streamer[34m: {"type":"ping","time":1657828267}
12:51:07.387 [37m<- Streamer[32m: {"type":"pong","time":1657828267}
12:52:07.395 [37m-> Streamer[34m: {"type":"ping","time":1657828327}
12:52:07.396 [37m<- Streamer[32m: {"type":"pong","time":1657828327}
12:53:07.378 [37m-> Streamer[34m: {"type":"ping","time":1657828387}
12:53:07.379 [37m<- Streamer[32m: {"type":"pong","time":1657828387}
12:54:07.375 [37m-> Streamer[34m: {"type":"ping","time":1657828447}
12:54:07.376 [37m<- Streamer[32m: {"type":"pong","time":1657828447}
12:55:07.395 [37m-> Streamer[34m: {"type":"ping","time":1657828507}
12:55:07.396 [37m<- Streamer[32m: {"type":"pong","time":1657828507}
12:56:07.375 [37m-> Streamer[34m: {"type":"ping","time":1657828567}
12:56:07.376 [37m<- Streamer[32m: {"type":"pong","time":1657828567}
12:57:07.374 [37m-> Streamer[34m: {"type":"ping","time":1657828627}
12:57:07.375 [37m<- Streamer[32m: {"type":"pong","time":1657828627}
12:58:07.382 [37m-> Streamer[34m: {"type":"ping","time":1657828687}
12:58:07.383 [37m<- Streamer[32m: {"type":"pong","time":1657828687}
12:59:07.400 [37m-> Streamer[34m: {"type":"ping","time":1657828747}
12:59:07.401 [37m<- Streamer[32m: {"type":"pong","time":1657828747}
13:00:07.380 [37m-> Streamer[34m: {"type":"ping","time":1657828807}
13:00:07.381 [37m<- Streamer[32m: {"type":"pong","time":1657828807}
13:01:07.380 [37m-> Streamer[34m: {"type":"ping","time":1657828867}
13:01:07.381 [37m<- Streamer[32m: {"type":"pong","time":1657828867}
13:02:07.383 [37m-> Streamer[34m: {"type":"ping","time":1657828927}
13:02:07.384 [37m<- Streamer[32m: {"type":"pong","time":1657828927}
13:03:07.384 [37m-> Streamer[34m: {"type":"ping","time":1657828987}
13:03:07.385 [37m<- Streamer[32m: {"type":"pong","time":1657828987}
13:04:07.374 [37m-> Streamer[34m: {"type":"ping","time":1657829047}
13:04:07.374 [37m<- Streamer[32m: {"type":"pong","time":1657829047}
13:05:07.372 [37m-> Streamer[34m: {"type":"ping","time":1657829107}
13:05:07.373 [37m<- Streamer[32m: {"type":"pong","time":1657829107}
13:06:07.372 [37m-> Streamer[34m: {"type":"ping","time":1657829167}
13:06:07.373 [37m<- Streamer[32m: {"type":"pong","time":1657829167}
13:07:07.386 [37m-> Streamer[34m: {"type":"ping","time":1657829227}
13:07:07.387 [37m<- Streamer[32m: {"type":"pong","time":1657829227}
13:08:07.395 [37m-> Streamer[34m: {"type":"ping","time":1657829287}
13:08:07.396 [37m<- Streamer[32m: {"type":"pong","time":1657829287}
13:09:07.401 [37m-> Streamer[34m: {"type":"ping","time":1657829347}
13:09:07.402 [37m<- Streamer[32m: {"type":"pong","time":1657829347}
13:10:07.389 [37m-> Streamer[34m: {"type":"ping","time":1657829407}
13:10:07.390 [37m<- Streamer[32m: {"type":"pong","time":1657829407}
13:11:07.395 [37m-> Streamer[34m: {"type":"ping","time":1657829467}
13:11:07.396 [37m<- Streamer[32m: {"type":"pong","time":1657829467}
13:12:07.393 [37m-> Streamer[34m: {"type":"ping","time":1657829527}
13:12:07.395 [37m<- Streamer[32m: {"type":"pong","time":1657829527}
13:13:07.401 [37m-> Streamer[34m: {"type":"ping","time":1657829587}
13:13:07.402 [37m<- Streamer[32m: {"type":"pong","time":1657829587}
13:14:07.403 [37m-> Streamer[34m: {"type":"ping","time":1657829647}
13:14:07.404 [37m<- Streamer[32m: {"type":"pong","time":1657829647}
13:15:07.400 [37m-> Streamer[34m: {"type":"ping","time":1657829707}
13:15:07.402 [37m<- Streamer[32m: {"type":"pong","time":1657829707}
13:16:07.378 [37m-> Streamer[34m: {"type":"ping","time":1657829767}
13:16:07.379 [37m<- Streamer[32m: {"type":"pong","time":1657829767}
13:17:07.383 [37m-> Streamer[34m: {"type":"ping","time":1657829827}
13:17:07.384 [37m<- Streamer[32m: {"type":"pong","time":1657829827}
13:18:07.380 [37m-> Streamer[34m: {"type":"ping","time":1657829887}
13:18:07.381 [37m<- Streamer[32m: {"type":"pong","time":1657829887}
13:19:07.376 [37m-> Streamer[34m: {"type":"ping","time":1657829947}
13:19:07.377 [37m<- Streamer[32m: {"type":"pong","time":1657829947}
13:20:07.387 [37m-> Streamer[34m: {"type":"ping","time":1657830007}
13:20:07.388 [37m<- Streamer[32m: {"type":"pong","time":1657830007}
13:21:07.369 [37m-> Streamer[34m: {"type":"ping","time":1657830067}
13:21:07.370 [37m<- Streamer[32m: {"type":"pong","time":1657830067}
13:22:07.407 [37m-> Streamer[34m: {"type":"ping","time":1657830127}
13:22:07.409 [37m<- Streamer[32m: {"type":"pong","time":1657830127}
13:23:07.402 [37m-> Streamer[34m: {"type":"ping","time":1657830187}
13:23:07.403 [37m<- Streamer[32m: {"type":"pong","time":1657830187}
13:24:07.392 [37m-> Streamer[34m: {"type":"ping","time":1657830247}
13:24:07.393 [37m<- Streamer[32m: {"type":"pong","time":1657830247}
13:25:07.384 [37m-> Streamer[34m: {"type":"ping","time":1657830307}
13:25:07.385 [37m<- Streamer[32m: {"type":"pong","time":1657830307}
13:26:07.378 [37m-> Streamer[34m: {"type":"ping","time":1657830367}
13:26:07.379 [37m<- Streamer[32m: {"type":"pong","time":1657830367}
13:27:07.383 [37m-> Streamer[34m: {"type":"ping","time":1657830427}
13:27:07.385 [37m<- Streamer[32m: {"type":"pong","time":1657830427}
13:28:07.394 [37m-> Streamer[34m: {"type":"ping","time":1657830487}
13:28:07.395 [37m<- Streamer[32m: {"type":"pong","time":1657830487}
13:29:07.368 [37m-> Streamer[34m: {"type":"ping","time":1657830547}
13:29:07.369 [37m<- Streamer[32m: {"type":"pong","time":1657830547}
13:30:07.389 [37m-> Streamer[34m: {"type":"ping","time":1657830607}
13:30:07.390 [37m<- Streamer[32m: {"type":"pong","time":1657830607}
13:31:07.372 [37m-> Streamer[34m: {"type":"ping","time":1657830667}
13:31:07.373 [37m<- Streamer[32m: {"type":"pong","time":1657830667}
13:32:07.373 [37m-> Streamer[34m: {"type":"ping","time":1657830727}
13:32:07.374 [37m<- Streamer[32m: {"type":"pong","time":1657830727}
13:33:07.368 [37m-> Streamer[34m: {"type":"ping","time":1657830787}
13:33:07.369 [37m<- Streamer[32m: {"type":"pong","time":1657830787}
13:34:07.395 [37m-> Streamer[34m: {"type":"ping","time":1657830847}
13:34:07.396 [37m<- Streamer[32m: {"type":"pong","time":1657830847}
13:35:07.376 [37m-> Streamer[34m: {"type":"ping","time":1657830907}
13:35:07.377 [37m<- Streamer[32m: {"type":"pong","time":1657830907}
13:36:07.394 [37m-> Streamer[34m: {"type":"ping","time":1657830967}
13:36:07.395 [37m<- Streamer[32m: {"type":"pong","time":1657830967}
13:37:07.372 [37m-> Streamer[34m: {"type":"ping","time":1657831027}
13:37:07.373 [37m<- Streamer[32m: {"type":"pong","time":1657831027}
13:38:07.373 [37m-> Streamer[34m: {"type":"ping","time":1657831087}
13:38:07.374 [37m<- Streamer[32m: {"type":"pong","time":1657831087}
13:39:07.363 [37m-> Streamer[34m: {"type":"ping","time":1657831147}
13:39:07.364 [37m<- Streamer[32m: {"type":"pong","time":1657831147}
13:40:07.371 [37m-> Streamer[34m: {"type":"ping","time":1657831207}
13:40:07.372 [37m<- Streamer[32m: {"type":"pong","time":1657831207}
13:41:07.386 [37m-> Streamer[34m: {"type":"ping","time":1657831267}
13:41:07.387 [37m<- Streamer[32m: {"type":"pong","time":1657831267}
13:42:07.390 [37m-> Streamer[34m: {"type":"ping","time":1657831327}
13:42:07.391 [37m<- Streamer[32m: {"type":"pong","time":1657831327}
13:43:07.367 [37m-> Streamer[34m: {"type":"ping","time":1657831387}
13:43:07.368 [37m<- Streamer[32m: {"type":"pong","time":1657831387}
13:44:07.386 [37m-> Streamer[34m: {"type":"ping","time":1657831447}
13:44:07.387 [37m<- Streamer[32m: {"type":"pong","time":1657831447}
13:45:07.387 [37m-> Streamer[34m: {"type":"ping","time":1657831507}
13:45:07.388 [37m<- Streamer[32m: {"type":"pong","time":1657831507}
13:46:07.383 [37m-> Streamer[34m: {"type":"ping","time":1657831567}
13:46:07.384 [37m<- Streamer[32m: {"type":"pong","time":1657831567}
13:47:07.382 [37m-> Streamer[34m: {"type":"ping","time":1657831627}
13:47:07.383 [37m<- Streamer[32m: {"type":"pong","time":1657831627}
13:48:07.377 [37m-> Streamer[34m: {"type":"ping","time":1657831687}
13:48:07.378 [37m<- Streamer[32m: {"type":"pong","time":1657831687}
13:49:07.395 [37m-> Streamer[34m: {"type":"ping","time":1657831747}
13:49:07.396 [37m<- Streamer[32m: {"type":"pong","time":1657831747}
13:50:07.387 [37m-> Streamer[34m: {"type":"ping","time":1657831807}
13:50:07.388 [37m<- Streamer[32m: {"type":"pong","time":1657831807}
13:51:07.395 [37m-> Streamer[34m: {"type":"ping","time":1657831867}
13:51:07.396 [37m<- Streamer[32m: {"type":"pong","time":1657831867}
13:52:07.379 [37m-> Streamer[34m: {"type":"ping","time":1657831927}
13:52:07.380 [37m<- Streamer[32m: {"type":"pong","time":1657831927}
13:53:07.374 [37m-> Streamer[34m: {"type":"ping","time":1657831987}
13:53:07.375 [37m<- Streamer[32m: {"type":"pong","time":1657831987}
13:54:07.381 [37m-> Streamer[34m: {"type":"ping","time":1657832047}
13:54:07.382 [37m<- Streamer[32m: {"type":"pong","time":1657832047}
13:55:07.398 [37m-> Streamer[34m: {"type":"ping","time":1657832107}
13:55:07.399 [37m<- Streamer[32m: {"type":"pong","time":1657832107}
13:56:07.368 [37m-> Streamer[34m: {"type":"ping","time":1657832167}
13:56:07.369 [37m<- Streamer[32m: {"type":"pong","time":1657832167}
13:57:07.390 [37m-> Streamer[34m: {"type":"ping","time":1657832227}
13:57:07.391 [37m<- Streamer[32m: {"type":"pong","time":1657832227}
13:58:07.382 [37m-> Streamer[34m: {"type":"ping","time":1657832287}
13:58:07.383 [37m<- Streamer[32m: {"type":"pong","time":1657832287}
13:59:07.383 [37m-> Streamer[34m: {"type":"ping","time":1657832347}
13:59:07.384 [37m<- Streamer[32m: {"type":"pong","time":1657832347}
14:00:07.379 [37m-> Streamer[34m: {"type":"ping","time":1657832407}
14:00:07.380 [37m<- Streamer[32m: {"type":"pong","time":1657832407}
14:01:07.394 [37m-> Streamer[34m: {"type":"ping","time":1657832467}
14:01:07.395 [37m<- Streamer[32m: {"type":"pong","time":1657832467}
14:02:07.378 [37m-> Streamer[34m: {"type":"ping","time":1657832527}
14:02:07.379 [37m<- Streamer[32m: {"type":"pong","time":1657832527}
14:03:07.372 [37m-> Streamer[34m: {"type":"ping","time":1657832587}
14:03:07.373 [37m<- Streamer[32m: {"type":"pong","time":1657832587}
14:04:07.382 [37m-> Streamer[34m: {"type":"ping","time":1657832647}
14:04:07.383 [37m<- Streamer[32m: {"type":"pong","time":1657832647}
14:05:07.403 [37m-> Streamer[34m: {"type":"ping","time":1657832707}
14:05:07.404 [37m<- Streamer[32m: {"type":"pong","time":1657832707}
14:06:07.397 [37m-> Streamer[34m: {"type":"ping","time":1657832767}
14:06:07.398 [37m<- Streamer[32m: {"type":"pong","time":1657832767}
14:07:07.390 [37m-> Streamer[34m: {"type":"ping","time":1657832827}
14:07:07.391 [37m<- Streamer[32m: {"type":"pong","time":1657832827}
14:08:07.403 [37m-> Streamer[34m: {"type":"ping","time":1657832887}
14:08:07.404 [37m<- Streamer[32m: {"type":"pong","time":1657832887}
14:09:07.377 [37m-> Streamer[34m: {"type":"ping","time":1657832947}
14:09:07.378 [37m<- Streamer[32m: {"type":"pong","time":1657832947}
14:10:07.375 [37m-> Streamer[34m: {"type":"ping","time":1657833007}
14:10:07.377 [37m<- Streamer[32m: {"type":"pong","time":1657833007}
14:11:07.381 [37m-> Streamer[34m: {"type":"ping","time":1657833067}
14:11:07.382 [37m<- Streamer[32m: {"type":"pong","time":1657833067}
14:12:07.382 [37m-> Streamer[34m: {"type":"ping","time":1657833127}
14:12:07.383 [37m<- Streamer[32m: {"type":"pong","time":1657833127}
14:13:07.365 [37m-> Streamer[34m: {"type":"ping","time":1657833187}
14:13:07.366 [37m<- Streamer[32m: {"type":"pong","time":1657833187}
14:14:07.376 [37m-> Streamer[34m: {"type":"ping","time":1657833247}
14:14:07.377 [37m<- Streamer[32m: {"type":"pong","time":1657833247}
14:15:07.396 [37m-> Streamer[34m: {"type":"ping","time":1657833307}
14:15:07.397 [37m<- Streamer[32m: {"type":"pong","time":1657833307}
14:16:07.397 [37m-> Streamer[34m: {"type":"ping","time":1657833367}
14:16:07.398 [37m<- Streamer[32m: {"type":"pong","time":1657833367}
14:17:07.379 [37m-> Streamer[34m: {"type":"ping","time":1657833427}
14:17:07.380 [37m<- Streamer[32m: {"type":"pong","time":1657833427}
14:18:07.402 [37m-> Streamer[34m: {"type":"ping","time":1657833487}
14:18:07.403 [37m<- Streamer[32m: {"type":"pong","time":1657833487}
14:19:07.404 [37m-> Streamer[34m: {"type":"ping","time":1657833547}
14:19:07.405 [37m<- Streamer[32m: {"type":"pong","time":1657833547}
14:20:07.369 [37m-> Streamer[34m: {"type":"ping","time":1657833607}
14:20:07.369 [37m<- Streamer[32m: {"type":"pong","time":1657833607}
14:21:07.374 [37m-> Streamer[34m: {"type":"ping","time":1657833667}
14:21:07.375 [37m<- Streamer[32m: {"type":"pong","time":1657833667}
14:22:07.395 [37m-> Streamer[34m: {"type":"ping","time":1657833727}
14:22:07.396 [37m<- Streamer[32m: {"type":"pong","time":1657833727}
14:23:07.390 [37m-> Streamer[34m: {"type":"ping","time":1657833787}
14:23:07.391 [37m<- Streamer[32m: {"type":"pong","time":1657833787}
14:24:07.391 [37m-> Streamer[34m: {"type":"ping","time":1657833847}
14:24:07.392 [37m<- Streamer[32m: {"type":"pong","time":1657833847}
14:25:07.396 [37m-> Streamer[34m: {"type":"ping","time":1657833907}
14:25:07.397 [37m<- Streamer[32m: {"type":"pong","time":1657833907}
14:26:07.401 [37m-> Streamer[34m: {"type":"ping","time":1657833967}
14:26:07.402 [37m<- Streamer[32m: {"type":"pong","time":1657833967}
14:27:07.399 [37m-> Streamer[34m: {"type":"ping","time":1657834027}
14:27:07.400 [37m<- Streamer[32m: {"type":"pong","time":1657834027}
14:28:07.394 [37m-> Streamer[34m: {"type":"ping","time":1657834087}
14:28:07.395 [37m<- Streamer[32m: {"type":"pong","time":1657834087}
14:29:07.394 [37m-> Streamer[34m: {"type":"ping","time":1657834147}
14:29:07.394 [37m<- Streamer[32m: {"type":"pong","time":1657834147}
14:30:07.371 [37m-> Streamer[34m: {"type":"ping","time":1657834207}
14:30:07.372 [37m<- Streamer[32m: {"type":"pong","time":1657834207}
14:31:07.391 [37m-> Streamer[34m: {"type":"ping","time":1657834267}
14:31:07.392 [37m<- Streamer[32m: {"type":"pong","time":1657834267}
14:32:07.388 [37m-> Streamer[34m: {"type":"ping","time":1657834327}
14:32:07.389 [37m<- Streamer[32m: {"type":"pong","time":1657834327}
14:33:07.373 [37m-> Streamer[34m: {"type":"ping","time":1657834387}
14:33:07.374 [37m<- Streamer[32m: {"type":"pong","time":1657834387}
14:34:07.400 [37m-> Streamer[34m: {"type":"ping","time":1657834447}
14:34:07.401 [37m<- Streamer[32m: {"type":"pong","time":1657834447}
14:35:07.404 [37m-> Streamer[34m: {"type":"ping","time":1657834507}
14:35:07.405 [37m<- Streamer[32m: {"type":"pong","time":1657834507}
14:36:07.391 [37m-> Streamer[34m: {"type":"ping","time":1657834567}
14:36:07.392 [37m<- Streamer[32m: {"type":"pong","time":1657834567}
14:37:07.379 [37m-> Streamer[34m: {"type":"ping","time":1657834627}
14:37:07.380 [37m<- Streamer[32m: {"type":"pong","time":1657834627}
14:38:07.377 [37m-> Streamer[34m: {"type":"ping","time":1657834687}
14:38:07.378 [37m<- Streamer[32m: {"type":"pong","time":1657834687}
14:39:07.385 [37m-> Streamer[34m: {"type":"ping","time":1657834747}
14:39:07.386 [37m<- Streamer[32m: {"type":"pong","time":1657834747}
14:40:07.381 [37m-> Streamer[34m: {"type":"ping","time":1657834807}
14:40:07.382 [37m<- Streamer[32m: {"type":"pong","time":1657834807}
14:41:07.401 [37m-> Streamer[34m: {"type":"ping","time":1657834867}
14:41:07.402 [37m<- Streamer[32m: {"type":"pong","time":1657834867}
14:42:07.388 [37m-> Streamer[34m: {"type":"ping","time":1657834927}
14:42:07.389 [37m<- Streamer[32m: {"type":"pong","time":1657834927}
14:43:07.367 [37m-> Streamer[34m: {"type":"ping","time":1657834987}
14:43:07.368 [37m<- Streamer[32m: {"type":"pong","time":1657834987}
14:44:07.375 [37m-> Streamer[34m: {"type":"ping","time":1657835047}
14:44:07.376 [37m<- Streamer[32m: {"type":"pong","time":1657835047}
14:45:07.385 [37m-> Streamer[34m: {"type":"ping","time":1657835107}
14:45:07.387 [37m<- Streamer[32m: {"type":"pong","time":1657835107}
14:46:07.393 [37m-> Streamer[34m: {"type":"ping","time":1657835167}
14:46:07.394 [37m<- Streamer[32m: {"type":"pong","time":1657835167}
14:47:07.401 [37m-> Streamer[34m: {"type":"ping","time":1657835227}
14:47:07.402 [37m<- Streamer[32m: {"type":"pong","time":1657835227}
14:48:07.369 [37m-> Streamer[34m: {"type":"ping","time":1657835287}
14:48:07.370 [37m<- Streamer[32m: {"type":"pong","time":1657835287}
14:49:07.372 [37m-> Streamer[34m: {"type":"ping","time":1657835347}
14:49:07.373 [37m<- Streamer[32m: {"type":"pong","time":1657835347}
14:50:07.382 [37m-> Streamer[34m: {"type":"ping","time":1657835407}
14:50:07.383 [37m<- Streamer[32m: {"type":"pong","time":1657835407}
14:51:07.380 [37m-> Streamer[34m: {"type":"ping","time":1657835467}
14:51:07.380 [37m<- Streamer[32m: {"type":"pong","time":1657835467}
14:52:07.402 [37m-> Streamer[34m: {"type":"ping","time":1657835527}
14:52:07.403 [37m<- Streamer[32m: {"type":"pong","time":1657835527}
14:53:07.377 [37m-> Streamer[34m: {"type":"ping","time":1657835587}
14:53:07.377 [37m<- Streamer[32m: {"type":"pong","time":1657835587}
14:54:07.378 [37m-> Streamer[34m: {"type":"ping","time":1657835647}
14:54:07.379 [37m<- Streamer[32m: {"type":"pong","time":1657835647}
14:55:07.399 [37m-> Streamer[34m: {"type":"ping","time":1657835707}
14:55:07.400 [37m<- Streamer[32m: {"type":"pong","time":1657835707}
14:56:07.380 [37m-> Streamer[34m: {"type":"ping","time":1657835767}
14:56:07.381 [37m<- Streamer[32m: {"type":"pong","time":1657835767}
14:57:07.374 [37m-> Streamer[34m: {"type":"ping","time":1657835827}
14:57:07.375 [37m<- Streamer[32m: {"type":"pong","time":1657835827}
14:58:07.389 [37m-> Streamer[34m: {"type":"ping","time":1657835887}
14:58:07.390 [37m<- Streamer[32m: {"type":"pong","time":1657835887}
14:59:07.395 [37m-> Streamer[34m: {"type":"ping","time":1657835947}
14:59:07.396 [37m<- Streamer[32m: {"type":"pong","time":1657835947}
15:00:07.374 [37m-> Streamer[34m: {"type":"ping","time":1657836007}
15:00:07.375 [37m<- Streamer[32m: {"type":"pong","time":1657836007}
15:01:07.383 [37m-> Streamer[34m: {"type":"ping","time":1657836067}
15:01:07.384 [37m<- Streamer[32m: {"type":"pong","time":1657836067}
15:02:07.402 [37m-> Streamer[34m: {"type":"ping","time":1657836127}
15:02:07.406 [37m<- Streamer[32m: {"type":"pong","time":1657836127}
15:03:07.385 [37m-> Streamer[34m: {"type":"ping","time":1657836187}
15:03:07.386 [37m<- Streamer[32m: {"type":"pong","time":1657836187}
15:04:07.389 [37m-> Streamer[34m: {"type":"ping","time":1657836247}
15:04:07.390 [37m<- Streamer[32m: {"type":"pong","time":1657836247}
15:05:07.373 [37m-> Streamer[34m: {"type":"ping","time":1657836307}
15:05:07.374 [37m<- Streamer[32m: {"type":"pong","time":1657836307}
15:06:07.376 [37m-> Streamer[34m: {"type":"ping","time":1657836367}
15:06:07.377 [37m<- Streamer[32m: {"type":"pong","time":1657836367}
15:07:07.393 [37m-> Streamer[34m: {"type":"ping","time":1657836427}
15:07:07.394 [37m<- Streamer[32m: {"type":"pong","time":1657836427}
15:08:07.379 [37m-> Streamer[34m: {"type":"ping","time":1657836487}
15:08:07.380 [37m<- Streamer[32m: {"type":"pong","time":1657836487}
15:09:07.391 [37m-> Streamer[34m: {"type":"ping","time":1657836547}
15:09:07.392 [37m<- Streamer[32m: {"type":"pong","time":1657836547}
15:10:07.386 [37m-> Streamer[34m: {"type":"ping","time":1657836607}
15:10:07.387 [37m<- Streamer[32m: {"type":"pong","time":1657836607}
15:11:07.368 [37m-> Streamer[34m: {"type":"ping","time":1657836667}
15:11:07.369 [37m<- Streamer[32m: {"type":"pong","time":1657836667}
15:12:07.404 [37m-> Streamer[34m: {"type":"ping","time":1657836727}
15:12:07.405 [37m<- Streamer[32m: {"type":"pong","time":1657836727}
15:13:07.378 [37m-> Streamer[34m: {"type":"ping","time":1657836787}
15:13:07.379 [37m<- Streamer[32m: {"type":"pong","time":1657836787}
15:14:07.384 [37m-> Streamer[34m: {"type":"ping","time":1657836847}
15:14:07.385 [37m<- Streamer[32m: {"type":"pong","time":1657836847}
15:15:07.372 [37m-> Streamer[34m: {"type":"ping","time":1657836907}
15:15:07.373 [37m<- Streamer[32m: {"type":"pong","time":1657836907}
15:16:07.393 [37m-> Streamer[34m: {"type":"ping","time":1657836967}
15:16:07.394 [37m<- Streamer[32m: {"type":"pong","time":1657836967}
15:17:07.397 [37m-> Streamer[34m: {"type":"ping","time":1657837027}
15:17:07.398 [37m<- Streamer[32m: {"type":"pong","time":1657837027}
15:18:07.396 [37m-> Streamer[34m: {"type":"ping","time":1657837087}
15:18:07.397 [37m<- Streamer[32m: {"type":"pong","time":1657837087}
15:19:07.383 [37m-> Streamer[34m: {"type":"ping","time":1657837147}
15:19:07.384 [37m<- Streamer[32m: {"type":"pong","time":1657837147}
15:20:07.381 [37m-> Streamer[34m: {"type":"ping","time":1657837207}
15:20:07.382 [37m<- Streamer[32m: {"type":"pong","time":1657837207}
15:21:07.401 [37m-> Streamer[34m: {"type":"ping","time":1657837267}
15:21:07.402 [37m<- Streamer[32m: {"type":"pong","time":1657837267}
15:22:07.392 [37m-> Streamer[34m: {"type":"ping","time":1657837327}
15:22:07.393 [37m<- Streamer[32m: {"type":"pong","time":1657837327}
15:23:07.381 [37m-> Streamer[34m: {"type":"ping","time":1657837387}
15:23:07.382 [37m<- Streamer[32m: {"type":"pong","time":1657837387}
15:24:07.393 [37m-> Streamer[34m: {"type":"ping","time":1657837447}
15:24:07.394 [37m<- Streamer[32m: {"type":"pong","time":1657837447}
15:25:07.376 [37m-> Streamer[34m: {"type":"ping","time":1657837507}
15:25:07.377 [37m<- Streamer[32m: {"type":"pong","time":1657837507}
15:26:07.376 [37m-> Streamer[34m: {"type":"ping","time":1657837567}
15:26:07.378 [37m<- Streamer[32m: {"type":"pong","time":1657837567}
15:27:07.395 [37m-> Streamer[34m: {"type":"ping","time":1657837627}
15:27:07.396 [37m<- Streamer[32m: {"type":"pong","time":1657837627}
15:28:07.384 [37m-> Streamer[34m: {"type":"ping","time":1657837687}
15:28:07.385 [37m<- Streamer[32m: {"type":"pong","time":1657837687}
15:29:07.405 [37m-> Streamer[34m: {"type":"ping","time":1657837747}
15:29:07.407 [37m<- Streamer[32m: {"type":"pong","time":1657837747}
15:30:07.383 [37m-> Streamer[34m: {"type":"ping","time":1657837807}
15:30:07.384 [37m<- Streamer[32m: {"type":"pong","time":1657837807}
15:31:07.377 [37m-> Streamer[34m: {"type":"ping","time":1657837867}
15:31:07.378 [37m<- Streamer[32m: {"type":"pong","time":1657837867}
15:32:07.377 [37m-> Streamer[34m: {"type":"ping","time":1657837927}
15:32:07.378 [37m<- Streamer[32m: {"type":"pong","time":1657837927}
15:33:07.379 [37m-> Streamer[34m: {"type":"ping","time":1657837987}
15:33:07.380 [37m<- Streamer[32m: {"type":"pong","time":1657837987}
15:34:07.362 [37m-> Streamer[34m: {"type":"ping","time":1657838047}
15:34:07.363 [37m<- Streamer[32m: {"type":"pong","time":1657838047}
15:35:07.395 [37m-> Streamer[34m: {"type":"ping","time":1657838107}
15:35:07.396 [37m<- Streamer[32m: {"type":"pong","time":1657838107}
15:36:07.404 [37m-> Streamer[34m: {"type":"ping","time":1657838167}
15:36:07.405 [37m<- Streamer[32m: {"type":"pong","time":1657838167}
15:37:07.372 [37m-> Streamer[34m: {"type":"ping","time":1657838227}
15:37:07.373 [37m<- Streamer[32m: {"type":"pong","time":1657838227}
15:38:07.401 [37m-> Streamer[34m: {"type":"ping","time":1657838287}
15:38:07.402 [37m<- Streamer[32m: {"type":"pong","time":1657838287}
15:39:07.386 [37m-> Streamer[34m: {"type":"ping","time":1657838347}
15:39:07.387 [37m<- Streamer[32m: {"type":"pong","time":1657838347}
15:40:07.380 [37m-> Streamer[34m: {"type":"ping","time":1657838407}
15:40:07.381 [37m<- Streamer[32m: {"type":"pong","time":1657838407}
15:41:07.386 [37m-> Streamer[34m: {"type":"ping","time":1657838467}
15:41:07.387 [37m<- Streamer[32m: {"type":"pong","time":1657838467}
15:42:07.397 [37m-> Streamer[34m: {"type":"ping","time":1657838527}
15:42:07.398 [37m<- Streamer[32m: {"type":"pong","time":1657838527}
15:43:07.397 [37m-> Streamer[34m: {"type":"ping","time":1657838587}
15:43:07.397 [37m<- Streamer[32m: {"type":"pong","time":1657838587}
15:44:07.385 [37m-> Streamer[34m: {"type":"ping","time":1657838647}
15:44:07.386 [37m<- Streamer[32m: {"type":"pong","time":1657838647}
15:45:07.387 [37m-> Streamer[34m: {"type":"ping","time":1657838707}
15:45:07.388 [37m<- Streamer[32m: {"type":"pong","time":1657838707}
15:46:07.378 [37m-> Streamer[34m: {"type":"ping","time":1657838767}
15:46:07.379 [37m<- Streamer[32m: {"type":"pong","time":1657838767}
15:47:07.379 [37m-> Streamer[34m: {"type":"ping","time":1657838827}
15:47:07.380 [37m<- Streamer[32m: {"type":"pong","time":1657838827}
15:48:07.365 [37m-> Streamer[34m: {"type":"ping","time":1657838887}
15:48:07.366 [37m<- Streamer[32m: {"type":"pong","time":1657838887}
15:49:07.402 [37m-> Streamer[34m: {"type":"ping","time":1657838947}
15:49:07.403 [37m<- Streamer[32m: {"type":"pong","time":1657838947}
15:50:07.383 [37m-> Streamer[34m: {"type":"ping","time":1657839007}
15:50:07.383 [37m<- Streamer[32m: {"type":"pong","time":1657839007}
15:51:07.389 [37m-> Streamer[34m: {"type":"ping","time":1657839067}
15:51:07.390 [37m<- Streamer[32m: {"type":"pong","time":1657839067}
15:52:07.374 [37m-> Streamer[34m: {"type":"ping","time":1657839127}
15:52:07.374 [37m<- Streamer[32m: {"type":"pong","time":1657839127}
15:53:07.379 [37m-> Streamer[34m: {"type":"ping","time":1657839187}
15:53:07.380 [37m<- Streamer[32m: {"type":"pong","time":1657839187}
15:54:07.377 [37m-> Streamer[34m: {"type":"ping","time":1657839247}
15:54:07.379 [37m<- Streamer[32m: {"type":"pong","time":1657839247}
15:55:07.373 [37m-> Streamer[34m: {"type":"ping","time":1657839307}
15:55:07.374 [37m<- Streamer[32m: {"type":"pong","time":1657839307}
15:56:07.385 [37m-> Streamer[34m: {"type":"ping","time":1657839367}
15:56:07.386 [37m<- Streamer[32m: {"type":"pong","time":1657839367}
15:57:07.390 [37m-> Streamer[34m: {"type":"ping","time":1657839427}
15:57:07.391 [37m<- Streamer[32m: {"type":"pong","time":1657839427}
15:58:07.404 [37m-> Streamer[34m: {"type":"ping","time":1657839487}
15:58:07.405 [37m<- Streamer[32m: {"type":"pong","time":1657839487}
15:59:07.365 [37m-> Streamer[34m: {"type":"ping","time":1657839547}
15:59:07.366 [37m<- Streamer[32m: {"type":"pong","time":1657839547}
16:00:07.395 [37m-> Streamer[34m: {"type":"ping","time":1657839607}
16:00:07.396 [37m<- Streamer[32m: {"type":"pong","time":1657839607}
16:01:07.380 [37m-> Streamer[34m: {"type":"ping","time":1657839667}
16:01:07.381 [37m<- Streamer[32m: {"type":"pong","time":1657839667}
16:02:07.369 [37m-> Streamer[34m: {"type":"ping","time":1657839727}
16:02:07.370 [37m<- Streamer[32m: {"type":"pong","time":1657839727}
16:03:07.404 [37m-> Streamer[34m: {"type":"ping","time":1657839787}
16:03:07.405 [37m<- Streamer[32m: {"type":"pong","time":1657839787}
16:04:07.384 [37m-> Streamer[34m: {"type":"ping","time":1657839847}
16:04:07.385 [37m<- Streamer[32m: {"type":"pong","time":1657839847}
16:05:07.380 [37m-> Streamer[34m: {"type":"ping","time":1657839907}
16:05:07.381 [37m<- Streamer[32m: {"type":"pong","time":1657839907}
16:06:07.371 [37m-> Streamer[34m: {"type":"ping","time":1657839967}
16:06:07.372 [37m<- Streamer[32m: {"type":"pong","time":1657839967}
16:07:07.384 [37m-> Streamer[34m: {"type":"ping","time":1657840027}
16:07:07.385 [37m<- Streamer[32m: {"type":"pong","time":1657840027}
16:08:07.380 [37m-> Streamer[34m: {"type":"ping","time":1657840087}
16:08:07.381 [37m<- Streamer[32m: {"type":"pong","time":1657840087}
16:09:07.383 [37m-> Streamer[34m: {"type":"ping","time":1657840147}
16:09:07.384 [37m<- Streamer[32m: {"type":"pong","time":1657840147}
16:10:07.375 [37m-> Streamer[34m: {"type":"ping","time":1657840207}
16:10:07.377 [37m<- Streamer[32m: {"type":"pong","time":1657840207}
16:11:07.384 [37m-> Streamer[34m: {"type":"ping","time":1657840267}
16:11:07.385 [37m<- Streamer[32m: {"type":"pong","time":1657840267}
16:12:07.368 [37m-> Streamer[34m: {"type":"ping","time":1657840327}
16:12:07.369 [37m<- Streamer[32m: {"type":"pong","time":1657840327}
16:13:07.386 [37m-> Streamer[34m: {"type":"ping","time":1657840387}
16:13:07.388 [37m<- Streamer[32m: {"type":"pong","time":1657840387}
16:14:07.372 [37m-> Streamer[34m: {"type":"ping","time":1657840447}
16:14:07.373 [37m<- Streamer[32m: {"type":"pong","time":1657840447}
16:15:07.399 [37m-> Streamer[34m: {"type":"ping","time":1657840507}
16:15:07.400 [37m<- Streamer[32m: {"type":"pong","time":1657840507}
16:16:07.389 [37m-> Streamer[34m: {"type":"ping","time":1657840567}
16:16:07.390 [37m<- Streamer[32m: {"type":"pong","time":1657840567}
16:17:07.396 [37m-> Streamer[34m: {"type":"ping","time":1657840627}
16:17:07.397 [37m<- Streamer[32m: {"type":"pong","time":1657840627}
16:18:07.375 [37m-> Streamer[34m: {"type":"ping","time":1657840687}
16:18:07.376 [37m<- Streamer[32m: {"type":"pong","time":1657840687}
16:19:07.382 [37m-> Streamer[34m: {"type":"ping","time":1657840747}
16:19:07.384 [37m<- Streamer[32m: {"type":"pong","time":1657840747}
16:20:07.373 [37m-> Streamer[34m: {"type":"ping","time":1657840807}
16:20:07.374 [37m<- Streamer[32m: {"type":"pong","time":1657840807}
16:21:07.389 [37m-> Streamer[34m: {"type":"ping","time":1657840867}
16:21:07.390 [37m<- Streamer[32m: {"type":"pong","time":1657840867}
16:22:07.382 [37m-> Streamer[34m: {"type":"ping","time":1657840927}
16:22:07.383 [37m<- Streamer[32m: {"type":"pong","time":1657840927}
16:23:07.384 [37m-> Streamer[34m: {"type":"ping","time":1657840987}
16:23:07.385 [37m<- Streamer[32m: {"type":"pong","time":1657840987}
16:24:07.377 [37m-> Streamer[34m: {"type":"ping","time":1657841047}
16:24:07.378 [37m<- Streamer[32m: {"type":"pong","time":1657841047}
16:25:07.399 [37m-> Streamer[34m: {"type":"ping","time":1657841107}
16:25:07.400 [37m<- Streamer[32m: {"type":"pong","time":1657841107}
16:26:07.386 [37m-> Streamer[34m: {"type":"ping","time":1657841167}
16:26:07.388 [37m<- Streamer[32m: {"type":"pong","time":1657841167}
16:27:07.362 [37m-> Streamer[34m: {"type":"ping","time":1657841227}
16:27:07.363 [37m<- Streamer[32m: {"type":"pong","time":1657841227}
16:28:07.387 [37m-> Streamer[34m: {"type":"ping","time":1657841287}
16:28:07.388 [37m<- Streamer[32m: {"type":"pong","time":1657841287}
16:29:07.379 [37m-> Streamer[34m: {"type":"ping","time":1657841347}
16:29:07.380 [37m<- Streamer[32m: {"type":"pong","time":1657841347}
16:30:07.379 [37m-> Streamer[34m: {"type":"ping","time":1657841407}
16:30:07.380 [37m<- Streamer[32m: {"type":"pong","time":1657841407}
16:31:07.393 [37m-> Streamer[34m: {"type":"ping","time":1657841467}
16:31:07.394 [37m<- Streamer[32m: {"type":"pong","time":1657841467}
16:32:07.363 [37m-> Streamer[34m: {"type":"ping","time":1657841527}
16:32:07.364 [37m<- Streamer[32m: {"type":"pong","time":1657841527}
16:33:07.389 [37m-> Streamer[34m: {"type":"ping","time":1657841587}
16:33:07.390 [37m<- Streamer[32m: {"type":"pong","time":1657841587}
16:34:07.378 [37m-> Streamer[34m: {"type":"ping","time":1657841647}
16:34:07.379 [37m<- Streamer[32m: {"type":"pong","time":1657841647}
16:35:07.379 [37m-> Streamer[34m: {"type":"ping","time":1657841707}
16:35:07.380 [37m<- Streamer[32m: {"type":"pong","time":1657841707}
16:36:07.383 [37m-> Streamer[34m: {"type":"ping","time":1657841767}
16:36:07.384 [37m<- Streamer[32m: {"type":"pong","time":1657841767}
16:37:07.374 [37m-> Streamer[34m: {"type":"ping","time":1657841827}
16:37:07.375 [37m<- Streamer[32m: {"type":"pong","time":1657841827}
16:38:07.379 [37m-> Streamer[34m: {"type":"ping","time":1657841887}
16:38:07.380 [37m<- Streamer[32m: {"type":"pong","time":1657841887}
16:39:07.380 [37m-> Streamer[34m: {"type":"ping","time":1657841947}
16:39:07.381 [37m<- Streamer[32m: {"type":"pong","time":1657841947}
16:40:07.404 [37m-> Streamer[34m: {"type":"ping","time":1657842007}
16:40:07.405 [37m<- Streamer[32m: {"type":"pong","time":1657842007}
16:41:07.402 [37m-> Streamer[34m: {"type":"ping","time":1657842067}
16:41:07.403 [37m<- Streamer[32m: {"type":"pong","time":1657842067}
16:42:07.387 [37m-> Streamer[34m: {"type":"ping","time":1657842127}
16:42:07.388 [37m<- Streamer[32m: {"type":"pong","time":1657842127}
16:43:07.378 [37m-> Streamer[34m: {"type":"ping","time":1657842187}
16:43:07.379 [37m<- Streamer[32m: {"type":"pong","time":1657842187}
16:44:07.390 [37m-> Streamer[34m: {"type":"ping","time":1657842247}
16:44:07.392 [37m<- Streamer[32m: {"type":"pong","time":1657842247}
16:45:07.398 [37m-> Streamer[34m: {"type":"ping","time":1657842307}
16:45:07.399 [37m<- Streamer[32m: {"type":"pong","time":1657842307}
16:46:07.376 [37m-> Streamer[34m: {"type":"ping","time":1657842367}
16:46:07.377 [37m<- Streamer[32m: {"type":"pong","time":1657842367}
16:47:07.402 [37m-> Streamer[34m: {"type":"ping","time":1657842427}
16:47:07.403 [37m<- Streamer[32m: {"type":"pong","time":1657842427}
16:48:07.389 [37m-> Streamer[34m: {"type":"ping","time":1657842487}
16:48:07.390 [37m<- Streamer[32m: {"type":"pong","time":1657842487}
16:49:07.391 [37m-> Streamer[34m: {"type":"ping","time":1657842547}
16:49:07.392 [37m<- Streamer[32m: {"type":"pong","time":1657842547}
16:50:07.393 [37m-> Streamer[34m: {"type":"ping","time":1657842607}
16:50:07.394 [37m<- Streamer[32m: {"type":"pong","time":1657842607}
16:51:07.396 [37m-> Streamer[34m: {"type":"ping","time":1657842667}
16:51:07.397 [37m<- Streamer[32m: {"type":"pong","time":1657842667}
16:52:07.383 [37m-> Streamer[34m: {"type":"ping","time":1657842727}
16:52:07.391 [37m<- Streamer[32m: {"type":"pong","time":1657842727}
16:53:07.393 [37m-> Streamer[34m: {"type":"ping","time":1657842787}
16:53:07.394 [37m<- Streamer[32m: {"type":"pong","time":1657842787}
16:54:07.391 [37m-> Streamer[34m: {"type":"ping","time":1657842847}
16:54:07.392 [37m<- Streamer[32m: {"type":"pong","time":1657842847}
16:55:07.387 [37m-> Streamer[34m: {"type":"ping","time":1657842907}
16:55:07.388 [37m<- Streamer[32m: {"type":"pong","time":1657842907}
16:56:07.381 [37m-> Streamer[34m: {"type":"ping","time":1657842967}
16:56:07.382 [37m<- Streamer[32m: {"type":"pong","time":1657842967}
16:57:07.376 [37m-> Streamer[34m: {"type":"ping","time":1657843027}
16:57:07.377 [37m<- Streamer[32m: {"type":"pong","time":1657843027}
16:58:07.375 [37m-> Streamer[34m: {"type":"ping","time":1657843087}
16:58:07.376 [37m<- Streamer[32m: {"type":"pong","time":1657843087}
16:59:07.395 [37m-> Streamer[34m: {"type":"ping","time":1657843147}
16:59:07.396 [37m<- Streamer[32m: {"type":"pong","time":1657843147}
17:00:07.371 [37m-> Streamer[34m: {"type":"ping","time":1657843207}
17:00:07.372 [37m<- Streamer[32m: {"type":"pong","time":1657843207}
17:01:07.382 [37m-> Streamer[34m: {"type":"ping","time":1657843267}
17:01:07.384 [37m<- Streamer[32m: {"type":"pong","time":1657843267}
17:02:07.390 [37m-> Streamer[34m: {"type":"ping","time":1657843327}
17:02:07.391 [37m<- Streamer[32m: {"type":"pong","time":1657843327}
17:03:07.375 [37m-> Streamer[34m: {"type":"ping","time":1657843387}
17:03:07.376 [37m<- Streamer[32m: {"type":"pong","time":1657843387}
17:04:07.398 [37m-> Streamer[34m: {"type":"ping","time":1657843447}
17:04:07.399 [37m<- Streamer[32m: {"type":"pong","time":1657843447}
17:05:07.402 [37m-> Streamer[34m: {"type":"ping","time":1657843507}
17:05:07.403 [37m<- Streamer[32m: {"type":"pong","time":1657843507}
17:06:07.381 [37m-> Streamer[34m: {"type":"ping","time":1657843567}
17:06:07.382 [37m<- Streamer[32m: {"type":"pong","time":1657843567}
17:07:07.387 [37m-> Streamer[34m: {"type":"ping","time":1657843627}
17:07:07.389 [37m<- Streamer[32m: {"type":"pong","time":1657843627}
17:08:07.378 [37m-> Streamer[34m: {"type":"ping","time":1657843687}
17:08:07.378 [37m<- Streamer[32m: {"type":"pong","time":1657843687}
17:09:07.384 [37m-> Streamer[34m: {"type":"ping","time":1657843747}
17:09:07.385 [37m<- Streamer[32m: {"type":"pong","time":1657843747}
17:10:07.396 [37m-> Streamer[34m: {"type":"ping","time":1657843807}
17:10:07.397 [37m<- Streamer[32m: {"type":"pong","time":1657843807}
17:11:07.390 [37m-> Streamer[34m: {"type":"ping","time":1657843867}
17:11:07.391 [37m<- Streamer[32m: {"type":"pong","time":1657843867}
17:12:07.406 [37m-> Streamer[34m: {"type":"ping","time":1657843927}
17:12:07.407 [37m<- Streamer[32m: {"type":"pong","time":1657843927}
17:13:07.376 [37m-> Streamer[34m: {"type":"ping","time":1657843987}
17:13:07.377 [37m<- Streamer[32m: {"type":"pong","time":1657843987}
17:14:07.398 [37m-> Streamer[34m: {"type":"ping","time":1657844047}
17:14:07.399 [37m<- Streamer[32m: {"type":"pong","time":1657844047}
17:15:07.395 [37m-> Streamer[34m: {"type":"ping","time":1657844107}
17:15:07.396 [37m<- Streamer[32m: {"type":"pong","time":1657844107}
17:16:07.401 [37m-> Streamer[34m: {"type":"ping","time":1657844167}
17:16:07.403 [37m<- Streamer[32m: {"type":"pong","time":1657844167}
17:17:07.403 [37m-> Streamer[34m: {"type":"ping","time":1657844227}
17:17:07.404 [37m<- Streamer[32m: {"type":"pong","time":1657844227}
17:18:07.392 [37m-> Streamer[34m: {"type":"ping","time":1657844287}
17:18:07.394 [37m<- Streamer[32m: {"type":"pong","time":1657844287}
17:19:07.396 [37m-> Streamer[34m: {"type":"ping","time":1657844347}
17:19:07.397 [37m<- Streamer[32m: {"type":"pong","time":1657844347}
17:20:07.394 [37m-> Streamer[34m: {"type":"ping","time":1657844407}
17:20:07.395 [37m<- Streamer[32m: {"type":"pong","time":1657844407}
17:21:07.393 [37m-> Streamer[34m: {"type":"ping","time":1657844467}
17:21:07.394 [37m<- Streamer[32m: {"type":"pong","time":1657844467}
17:22:07.380 [37m-> Streamer[34m: {"type":"ping","time":1657844527}
17:22:07.381 [37m<- Streamer[32m: {"type":"pong","time":1657844527}
17:23:07.372 [37m-> Streamer[34m: {"type":"ping","time":1657844587}
17:23:07.373 [37m<- Streamer[32m: {"type":"pong","time":1657844587}
17:24:07.397 [37m-> Streamer[34m: {"type":"ping","time":1657844647}
17:24:07.398 [37m<- Streamer[32m: {"type":"pong","time":1657844647}
17:25:07.395 [37m-> Streamer[34m: {"type":"ping","time":1657844707}
17:25:07.396 [37m<- Streamer[32m: {"type":"pong","time":1657844707}
17:26:07.375 [37m-> Streamer[34m: {"type":"ping","time":1657844767}
17:26:07.376 [37m<- Streamer[32m: {"type":"pong","time":1657844767}
17:27:07.395 [37m-> Streamer[34m: {"type":"ping","time":1657844827}
17:27:07.396 [37m<- Streamer[32m: {"type":"pong","time":1657844827}
17:28:07.380 [37m-> Streamer[34m: {"type":"ping","time":1657844887}
17:28:07.381 [37m<- Streamer[32m: {"type":"pong","time":1657844887}
17:29:07.393 [37m-> Streamer[34m: {"type":"ping","time":1657844947}
17:29:07.394 [37m<- Streamer[32m: {"type":"pong","time":1657844947}
17:30:07.382 [37m-> Streamer[34m: {"type":"ping","time":1657845007}
17:30:07.383 [37m<- Streamer[32m: {"type":"pong","time":1657845007}
17:31:07.361 [37m-> Streamer[34m: {"type":"ping","time":1657845067}
17:31:07.362 [37m<- Streamer[32m: {"type":"pong","time":1657845067}
17:32:07.389 [37m-> Streamer[34m: {"type":"ping","time":1657845127}
17:32:07.391 [37m<- Streamer[32m: {"type":"pong","time":1657845127}
17:33:07.389 [37m-> Streamer[34m: {"type":"ping","time":1657845187}
17:33:07.390 [37m<- Streamer[32m: {"type":"pong","time":1657845187}
17:34:07.382 [37m-> Streamer[34m: {"type":"ping","time":1657845247}
17:34:07.383 [37m<- Streamer[32m: {"type":"pong","time":1657845247}
17:35:07.400 [37m-> Streamer[34m: {"type":"ping","time":1657845307}
17:35:07.401 [37m<- Streamer[32m: {"type":"pong","time":1657845307}
17:36:07.396 [37m-> Streamer[34m: {"type":"ping","time":1657845367}
17:36:07.398 [37m<- Streamer[32m: {"type":"pong","time":1657845367}
17:37:07.375 [37m-> Streamer[34m: {"type":"ping","time":1657845427}
17:37:07.376 [37m<- Streamer[32m: {"type":"pong","time":1657845427}
17:38:07.374 [37m-> Streamer[34m: {"type":"ping","time":1657845487}
17:38:07.375 [37m<- Streamer[32m: {"type":"pong","time":1657845487}
17:39:07.380 [37m-> Streamer[34m: {"type":"ping","time":1657845547}
17:39:07.381 [37m<- Streamer[32m: {"type":"pong","time":1657845547}
17:40:07.399 [37m-> Streamer[34m: {"type":"ping","time":1657845607}
17:40:07.400 [37m<- Streamer[32m: {"type":"pong","time":1657845607}
17:41:07.371 [37m-> Streamer[34m: {"type":"ping","time":1657845667}
17:41:07.372 [37m<- Streamer[32m: {"type":"pong","time":1657845667}
17:42:07.372 [37m-> Streamer[34m: {"type":"ping","time":1657845727}
17:42:07.373 [37m<- Streamer[32m: {"type":"pong","time":1657845727}
17:43:07.389 [37m-> Streamer[34m: {"type":"ping","time":1657845787}
17:43:07.390 [37m<- Streamer[32m: {"type":"pong","time":1657845787}
17:44:07.388 [37m-> Streamer[34m: {"type":"ping","time":1657845847}
17:44:07.389 [37m<- Streamer[32m: {"type":"pong","time":1657845847}
17:45:07.377 [37m-> Streamer[34m: {"type":"ping","time":1657845907}
17:45:07.378 [37m<- Streamer[32m: {"type":"pong","time":1657845907}
17:46:07.377 [37m-> Streamer[34m: {"type":"ping","time":1657845967}
17:46:07.378 [37m<- Streamer[32m: {"type":"pong","time":1657845967}
17:47:07.402 [37m-> Streamer[34m: {"type":"ping","time":1657846027}
17:47:07.403 [37m<- Streamer[32m: {"type":"pong","time":1657846027}
17:48:07.402 [37m-> Streamer[34m: {"type":"ping","time":1657846087}
17:48:07.403 [37m<- Streamer[32m: {"type":"pong","time":1657846087}
17:49:07.395 [37m-> Streamer[34m: {"type":"ping","time":1657846147}
17:49:07.395 [37m<- Streamer[32m: {"type":"pong","time":1657846147}
17:50:07.388 [37m-> Streamer[34m: {"type":"ping","time":1657846207}
17:50:07.389 [37m<- Streamer[32m: {"type":"pong","time":1657846207}
17:51:07.379 [37m-> Streamer[34m: {"type":"ping","time":1657846267}
17:51:07.379 [37m<- Streamer[32m: {"type":"pong","time":1657846267}
17:52:07.388 [37m-> Streamer[34m: {"type":"ping","time":1657846327}
17:52:07.389 [37m<- Streamer[32m: {"type":"pong","time":1657846327}
17:53:07.394 [37m-> Streamer[34m: {"type":"ping","time":1657846387}
17:53:07.395 [37m<- Streamer[32m: {"type":"pong","time":1657846387}
17:54:07.386 [37m-> Streamer[34m: {"type":"ping","time":1657846447}
17:54:07.387 [37m<- Streamer[32m: {"type":"pong","time":1657846447}
17:55:07.374 [37m-> Streamer[34m: {"type":"ping","time":1657846507}
17:55:07.375 [37m<- Streamer[32m: {"type":"pong","time":1657846507}
17:56:07.397 [37m-> Streamer[34m: {"type":"ping","time":1657846567}
17:56:07.398 [37m<- Streamer[32m: {"type":"pong","time":1657846567}
17:57:07.392 [37m-> Streamer[34m: {"type":"ping","time":1657846627}
17:57:07.398 [37m<- Streamer[32m: {"type":"pong","time":1657846627}
17:58:07.376 [37m-> Streamer[34m: {"type":"ping","time":1657846687}
17:58:07.377 [37m<- Streamer[32m: {"type":"pong","time":1657846687}
17:59:07.401 [37m-> Streamer[34m: {"type":"ping","time":1657846747}
17:59:07.402 [37m<- Streamer[32m: {"type":"pong","time":1657846747}
18:00:07.378 [37m-> Streamer[34m: {"type":"ping","time":1657846807}
18:00:07.379 [37m<- Streamer[32m: {"type":"pong","time":1657846807}
18:01:07.395 [37m-> Streamer[34m: {"type":"ping","time":1657846867}
18:01:07.397 [37m<- Streamer[32m: {"type":"pong","time":1657846867}
18:02:07.378 [37m-> Streamer[34m: {"type":"ping","time":1657846927}
18:02:07.379 [37m<- Streamer[32m: {"type":"pong","time":1657846927}
18:03:07.384 [37m-> Streamer[34m: {"type":"ping","time":1657846987}
18:03:07.385 [37m<- Streamer[32m: {"type":"pong","time":1657846987}
18:04:07.378 [37m-> Streamer[34m: {"type":"ping","time":1657847047}
18:04:07.379 [37m<- Streamer[32m: {"type":"pong","time":1657847047}
18:05:07.380 [37m-> Streamer[34m: {"type":"ping","time":1657847107}
18:05:07.381 [37m<- Streamer[32m: {"type":"pong","time":1657847107}
18:06:07.393 [37m-> Streamer[34m: {"type":"ping","time":1657847167}
18:06:07.394 [37m<- Streamer[32m: {"type":"pong","time":1657847167}
18:07:07.393 [37m-> Streamer[34m: {"type":"ping","time":1657847227}
18:07:07.394 [37m<- Streamer[32m: {"type":"pong","time":1657847227}
18:08:07.388 [37m-> Streamer[34m: {"type":"ping","time":1657847287}
18:08:07.388 [37m<- Streamer[32m: {"type":"pong","time":1657847287}
18:09:07.372 [37m-> Streamer[34m: {"type":"ping","time":1657847347}
18:09:07.373 [37m<- Streamer[32m: {"type":"pong","time":1657847347}
18:10:07.375 [37m-> Streamer[34m: {"type":"ping","time":1657847407}
18:10:07.377 [37m<- Streamer[32m: {"type":"pong","time":1657847407}
18:11:07.371 [37m-> Streamer[34m: {"type":"ping","time":1657847467}
18:11:07.372 [37m<- Streamer[32m: {"type":"pong","time":1657847467}
18:12:07.373 [37m-> Streamer[34m: {"type":"ping","time":1657847527}
18:12:07.374 [37m<- Streamer[32m: {"type":"pong","time":1657847527}
18:13:07.393 [37m-> Streamer[34m: {"type":"ping","time":1657847587}
18:13:07.394 [37m<- Streamer[32m: {"type":"pong","time":1657847587}
18:14:07.392 [37m-> Streamer[34m: {"type":"ping","time":1657847647}
18:14:07.393 [37m<- Streamer[32m: {"type":"pong","time":1657847647}
18:15:07.390 [37m-> Streamer[34m: {"type":"ping","time":1657847707}
18:15:07.391 [37m<- Streamer[32m: {"type":"pong","time":1657847707}
18:16:07.373 [37m-> Streamer[34m: {"type":"ping","time":1657847767}
18:16:07.374 [37m<- Streamer[32m: {"type":"pong","time":1657847767}
18:17:07.393 [37m-> Streamer[34m: {"type":"ping","time":1657847827}
18:17:07.394 [37m<- Streamer[32m: {"type":"pong","time":1657847827}
18:18:07.398 [37m-> Streamer[34m: {"type":"ping","time":1657847887}
18:18:07.399 [37m<- Streamer[32m: {"type":"pong","time":1657847887}
18:19:07.402 [37m-> Streamer[34m: {"type":"ping","time":1657847947}
18:19:07.403 [37m<- Streamer[32m: {"type":"pong","time":1657847947}
18:20:07.375 [37m-> Streamer[34m: {"type":"ping","time":1657848007}
18:20:07.377 [37m<- Streamer[32m: {"type":"pong","time":1657848007}
18:21:07.375 [37m-> Streamer[34m: {"type":"ping","time":1657848067}
18:21:07.376 [37m<- Streamer[32m: {"type":"pong","time":1657848067}
18:22:07.376 [37m-> Streamer[34m: {"type":"ping","time":1657848127}
18:22:07.377 [37m<- Streamer[32m: {"type":"pong","time":1657848127}
18:23:07.396 [37m-> Streamer[34m: {"type":"ping","time":1657848187}
18:23:07.397 [37m<- Streamer[32m: {"type":"pong","time":1657848187}
18:24:07.382 [37m-> Streamer[34m: {"type":"ping","time":1657848247}
18:24:07.384 [37m<- Streamer[32m: {"type":"pong","time":1657848247}
18:25:07.386 [37m-> Streamer[34m: {"type":"ping","time":1657848307}
18:25:07.387 [37m<- Streamer[32m: {"type":"pong","time":1657848307}
18:26:07.393 [37m-> Streamer[34m: {"type":"ping","time":1657848367}
18:26:07.394 [37m<- Streamer[32m: {"type":"pong","time":1657848367}
18:27:07.388 [37m-> Streamer[34m: {"type":"ping","time":1657848427}
18:27:07.389 [37m<- Streamer[32m: {"type":"pong","time":1657848427}
18:28:07.380 [37m-> Streamer[34m: {"type":"ping","time":1657848487}
18:28:07.381 [37m<- Streamer[32m: {"type":"pong","time":1657848487}
18:29:07.388 [37m-> Streamer[34m: {"type":"ping","time":1657848547}
18:29:07.389 [37m<- Streamer[32m: {"type":"pong","time":1657848547}
18:30:07.380 [37m-> Streamer[34m: {"type":"ping","time":1657848607}
18:30:07.381 [37m<- Streamer[32m: {"type":"pong","time":1657848607}
18:31:07.387 [37m-> Streamer[34m: {"type":"ping","time":1657848667}
18:31:07.388 [37m<- Streamer[32m: {"type":"pong","time":1657848667}
18:32:07.377 [37m-> Streamer[34m: {"type":"ping","time":1657848727}
18:32:07.378 [37m<- Streamer[32m: {"type":"pong","time":1657848727}
18:33:07.385 [37m-> Streamer[34m: {"type":"ping","time":1657848787}
18:33:07.386 [37m<- Streamer[32m: {"type":"pong","time":1657848787}
18:34:07.376 [37m-> Streamer[34m: {"type":"ping","time":1657848847}
18:34:07.377 [37m<- Streamer[32m: {"type":"pong","time":1657848847}
18:35:07.408 [37m-> Streamer[34m: {"type":"ping","time":1657848907}
18:35:07.409 [37m<- Streamer[32m: {"type":"pong","time":1657848907}
18:36:07.381 [37m-> Streamer[34m: {"type":"ping","time":1657848967}
18:36:07.382 [37m<- Streamer[32m: {"type":"pong","time":1657848967}
18:37:07.394 [37m-> Streamer[34m: {"type":"ping","time":1657849027}
18:37:07.395 [37m<- Streamer[32m: {"type":"pong","time":1657849027}
18:38:07.371 [37m-> Streamer[34m: {"type":"ping","time":1657849087}
18:38:07.372 [37m<- Streamer[32m: {"type":"pong","time":1657849087}
18:39:07.385 [37m-> Streamer[34m: {"type":"ping","time":1657849147}
18:39:07.386 [37m<- Streamer[32m: {"type":"pong","time":1657849147}
18:40:07.394 [37m-> Streamer[34m: {"type":"ping","time":1657849207}
18:40:07.395 [37m<- Streamer[32m: {"type":"pong","time":1657849207}
18:41:07.383 [37m-> Streamer[34m: {"type":"ping","time":1657849267}
18:41:07.384 [37m<- Streamer[32m: {"type":"pong","time":1657849267}
18:42:07.393 [37m-> Streamer[34m: {"type":"ping","time":1657849327}
18:42:07.394 [37m<- Streamer[32m: {"type":"pong","time":1657849327}
18:43:07.390 [37m-> Streamer[34m: {"type":"ping","time":1657849387}
18:43:07.391 [37m<- Streamer[32m: {"type":"pong","time":1657849387}
18:44:07.393 [37m-> Streamer[34m: {"type":"ping","time":1657849447}
18:44:07.394 [37m<- Streamer[32m: {"type":"pong","time":1657849447}
18:45:07.379 [37m-> Streamer[34m: {"type":"ping","time":1657849507}
18:45:07.380 [37m<- Streamer[32m: {"type":"pong","time":1657849507}
18:46:07.385 [37m-> Streamer[34m: {"type":"ping","time":1657849567}
18:46:07.386 [37m<- Streamer[32m: {"type":"pong","time":1657849567}
18:47:07.386 [37m-> Streamer[34m: {"type":"ping","time":1657849627}
18:47:07.387 [37m<- Streamer[32m: {"type":"pong","time":1657849627}
18:48:07.395 [37m-> Streamer[34m: {"type":"ping","time":1657849687}
18:48:07.396 [37m<- Streamer[32m: {"type":"pong","time":1657849687}
18:49:07.372 [37m-> Streamer[34m: {"type":"ping","time":1657849747}
18:49:07.373 [37m<- Streamer[32m: {"type":"pong","time":1657849747}
18:50:07.379 [37m-> Streamer[34m: {"type":"ping","time":1657849807}
18:50:07.381 [37m<- Streamer[32m: {"type":"pong","time":1657849807}
18:51:07.400 [37m-> Streamer[34m: {"type":"ping","time":1657849867}
18:51:07.401 [37m<- Streamer[32m: {"type":"pong","time":1657849867}
18:52:07.396 [37m-> Streamer[34m: {"type":"ping","time":1657849927}
18:52:07.397 [37m<- Streamer[32m: {"type":"pong","time":1657849927}
18:53:07.392 [37m-> Streamer[34m: {"type":"ping","time":1657849987}
18:53:07.393 [37m<- Streamer[32m: {"type":"pong","time":1657849987}
18:54:07.384 [37m-> Streamer[34m: {"type":"ping","time":1657850047}
18:54:07.384 [37m<- Streamer[32m: {"type":"pong","time":1657850047}
18:55:07.372 [37m-> Streamer[34m: {"type":"ping","time":1657850107}
18:55:07.373 [37m<- Streamer[32m: {"type":"pong","time":1657850107}
18:56:07.383 [37m-> Streamer[34m: {"type":"ping","time":1657850167}
18:56:07.384 [37m<- Streamer[32m: {"type":"pong","time":1657850167}
18:57:07.389 [37m-> Streamer[34m: {"type":"ping","time":1657850227}
18:57:07.390 [37m<- Streamer[32m: {"type":"pong","time":1657850227}
18:58:07.379 [37m-> Streamer[34m: {"type":"ping","time":1657850287}
18:58:07.380 [37m<- Streamer[32m: {"type":"pong","time":1657850287}
18:59:07.401 [37m-> Streamer[34m: {"type":"ping","time":1657850347}
18:59:07.403 [37m<- Streamer[32m: {"type":"pong","time":1657850347}
19:00:07.400 [37m-> Streamer[34m: {"type":"ping","time":1657850407}
19:00:07.401 [37m<- Streamer[32m: {"type":"pong","time":1657850407}
19:01:07.388 [37m-> Streamer[34m: {"type":"ping","time":1657850467}
19:01:07.389 [37m<- Streamer[32m: {"type":"pong","time":1657850467}
19:02:07.402 [37m-> Streamer[34m: {"type":"ping","time":1657850527}
19:02:07.403 [37m<- Streamer[32m: {"type":"pong","time":1657850527}
19:03:07.387 [37m-> Streamer[34m: {"type":"ping","time":1657850587}
19:03:07.388 [37m<- Streamer[32m: {"type":"pong","time":1657850587}
19:04:07.372 [37m-> Streamer[34m: {"type":"ping","time":1657850647}
19:04:07.373 [37m<- Streamer[32m: {"type":"pong","time":1657850647}
19:05:07.380 [37m-> Streamer[34m: {"type":"ping","time":1657850707}
19:05:07.381 [37m<- Streamer[32m: {"type":"pong","time":1657850707}
19:06:07.393 [37m-> Streamer[34m: {"type":"ping","time":1657850767}
19:06:07.394 [37m<- Streamer[32m: {"type":"pong","time":1657850767}
19:07:07.388 [37m-> Streamer[34m: {"type":"ping","time":1657850827}
19:07:07.389 [37m<- Streamer[32m: {"type":"pong","time":1657850827}
19:08:07.373 [37m-> Streamer[34m: {"type":"ping","time":1657850887}
19:08:07.374 [37m<- Streamer[32m: {"type":"pong","time":1657850887}
19:09:07.390 [37m-> Streamer[34m: {"type":"ping","time":1657850947}
19:09:07.391 [37m<- Streamer[32m: {"type":"pong","time":1657850947}
19:10:07.381 [37m-> Streamer[34m: {"type":"ping","time":1657851007}
19:10:07.383 [37m<- Streamer[32m: {"type":"pong","time":1657851007}
19:11:07.403 [37m-> Streamer[34m: {"type":"ping","time":1657851067}
19:11:07.403 [37m<- Streamer[32m: {"type":"pong","time":1657851067}
19:12:07.374 [37m-> Streamer[34m: {"type":"ping","time":1657851127}
19:12:07.375 [37m<- Streamer[32m: {"type":"pong","time":1657851127}
19:13:07.371 [37m-> Streamer[34m: {"type":"ping","time":1657851187}
19:13:07.372 [37m<- Streamer[32m: {"type":"pong","time":1657851187}
19:14:07.392 [37m-> Streamer[34m: {"type":"ping","time":1657851247}
19:14:07.393 [37m<- Streamer[32m: {"type":"pong","time":1657851247}
19:15:07.400 [37m-> Streamer[34m: {"type":"ping","time":1657851307}
19:15:07.401 [37m<- Streamer[32m: {"type":"pong","time":1657851307}
19:16:07.387 [37m-> Streamer[34m: {"type":"ping","time":1657851367}
19:16:07.388 [37m<- Streamer[32m: {"type":"pong","time":1657851367}
19:17:07.370 [37m-> Streamer[34m: {"type":"ping","time":1657851427}
19:17:07.371 [37m<- Streamer[32m: {"type":"pong","time":1657851427}
19:18:07.400 [37m-> Streamer[34m: {"type":"ping","time":1657851487}
19:18:07.401 [37m<- Streamer[32m: {"type":"pong","time":1657851487}
19:19:07.376 [37m-> Streamer[34m: {"type":"ping","time":1657851547}
19:19:07.376 [37m<- Streamer[32m: {"type":"pong","time":1657851547}
19:20:07.389 [37m-> Streamer[34m: {"type":"ping","time":1657851607}
19:20:07.390 [37m<- Streamer[32m: {"type":"pong","time":1657851607}
19:21:07.387 [37m-> Streamer[34m: {"type":"ping","time":1657851667}
19:21:07.388 [37m<- Streamer[32m: {"type":"pong","time":1657851667}
19:22:07.383 [37m-> Streamer[34m: {"type":"ping","time":1657851727}
19:22:07.384 [37m<- Streamer[32m: {"type":"pong","time":1657851727}
19:23:07.411 [37m-> Streamer[34m: {"type":"ping","time":1657851787}
19:23:07.412 [37m<- Streamer[32m: {"type":"pong","time":1657851787}
19:24:07.364 [37m-> Streamer[34m: {"type":"ping","time":1657851847}
19:24:07.365 [37m<- Streamer[32m: {"type":"pong","time":1657851847}
19:25:07.376 [37m-> Streamer[34m: {"type":"ping","time":1657851907}
19:25:07.377 [37m<- Streamer[32m: {"type":"pong","time":1657851907}
19:26:07.377 [37m-> Streamer[34m: {"type":"ping","time":1657851967}
19:26:07.378 [37m<- Streamer[32m: {"type":"pong","time":1657851967}
19:27:07.381 [37m-> Streamer[34m: {"type":"ping","time":1657852027}
19:27:07.382 [37m<- Streamer[32m: {"type":"pong","time":1657852027}
19:28:07.395 [37m-> Streamer[34m: {"type":"ping","time":1657852087}
19:28:07.396 [37m<- Streamer[32m: {"type":"pong","time":1657852087}
19:29:07.374 [37m-> Streamer[34m: {"type":"ping","time":1657852147}
19:29:07.375 [37m<- Streamer[32m: {"type":"pong","time":1657852147}
19:30:07.404 [37m-> Streamer[34m: {"type":"ping","time":1657852207}
19:30:07.405 [37m<- Streamer[32m: {"type":"pong","time":1657852207}
19:31:07.388 [37m-> Streamer[34m: {"type":"ping","time":1657852267}
19:31:07.389 [37m<- Streamer[32m: {"type":"pong","time":1657852267}
19:32:07.388 [37m-> Streamer[34m: {"type":"ping","time":1657852327}
19:32:07.389 [37m<- Streamer[32m: {"type":"pong","time":1657852327}
19:33:07.372 [37m-> Streamer[34m: {"type":"ping","time":1657852387}
19:33:07.373 [37m<- Streamer[32m: {"type":"pong","time":1657852387}
19:34:07.383 [37m-> Streamer[34m: {"type":"ping","time":1657852447}
19:34:07.384 [37m<- Streamer[32m: {"type":"pong","time":1657852447}
19:35:07.405 [37m-> Streamer[34m: {"type":"ping","time":1657852507}
19:35:07.406 [37m<- Streamer[32m: {"type":"pong","time":1657852507}
19:36:07.388 [37m-> Streamer[34m: {"type":"ping","time":1657852567}
19:36:07.389 [37m<- Streamer[32m: {"type":"pong","time":1657852567}
19:37:07.389 [37m-> Streamer[34m: {"type":"ping","time":1657852627}
19:37:07.390 [37m<- Streamer[32m: {"type":"pong","time":1657852627}
19:38:07.382 [37m-> Streamer[34m: {"type":"ping","time":1657852687}
19:38:07.383 [37m<- Streamer[32m: {"type":"pong","time":1657852687}
19:39:07.394 [37m-> Streamer[34m: {"type":"ping","time":1657852747}
19:39:07.396 [37m<- Streamer[32m: {"type":"pong","time":1657852747}
19:40:07.383 [37m-> Streamer[34m: {"type":"ping","time":1657852807}
19:40:07.384 [37m<- Streamer[32m: {"type":"pong","time":1657852807}
19:41:07.378 [37m-> Streamer[34m: {"type":"ping","time":1657852867}
19:41:07.379 [37m<- Streamer[32m: {"type":"pong","time":1657852867}
19:42:07.374 [37m-> Streamer[34m: {"type":"ping","time":1657852927}
19:42:07.375 [37m<- Streamer[32m: {"type":"pong","time":1657852927}
19:43:07.368 [37m-> Streamer[34m: {"type":"ping","time":1657852987}
19:43:07.369 [37m<- Streamer[32m: {"type":"pong","time":1657852987}
19:44:07.397 [37m-> Streamer[34m: {"type":"ping","time":1657853047}
19:44:07.398 [37m<- Streamer[32m: {"type":"pong","time":1657853047}
19:45:07.393 [37m-> Streamer[34m: {"type":"ping","time":1657853107}
19:45:07.394 [37m<- Streamer[32m: {"type":"pong","time":1657853107}
19:46:07.400 [37m-> Streamer[34m: {"type":"ping","time":1657853167}
19:46:07.401 [37m<- Streamer[32m: {"type":"pong","time":1657853167}
19:47:07.369 [37m-> Streamer[34m: {"type":"ping","time":1657853227}
19:47:07.370 [37m<- Streamer[32m: {"type":"pong","time":1657853227}
19:48:07.370 [37m-> Streamer[34m: {"type":"ping","time":1657853287}
19:48:07.371 [37m<- Streamer[32m: {"type":"pong","time":1657853287}
19:49:07.394 [37m-> Streamer[34m: {"type":"ping","time":1657853347}
19:49:07.395 [37m<- Streamer[32m: {"type":"pong","time":1657853347}
19:50:07.376 [37m-> Streamer[34m: {"type":"ping","time":1657853407}
19:50:07.377 [37m<- Streamer[32m: {"type":"pong","time":1657853407}
19:51:07.364 [37m-> Streamer[34m: {"type":"ping","time":1657853467}
19:51:07.365 [37m<- Streamer[32m: {"type":"pong","time":1657853467}
19:52:07.380 [37m-> Streamer[34m: {"type":"ping","time":1657853527}
19:52:07.381 [37m<- Streamer[32m: {"type":"pong","time":1657853527}
19:53:07.390 [37m-> Streamer[34m: {"type":"ping","time":1657853587}
19:53:07.391 [37m<- Streamer[32m: {"type":"pong","time":1657853587}
19:54:07.401 [37m-> Streamer[34m: {"type":"ping","time":1657853647}
19:54:07.402 [37m<- Streamer[32m: {"type":"pong","time":1657853647}
19:55:07.388 [37m-> Streamer[34m: {"type":"ping","time":1657853707}
19:55:07.389 [37m<- Streamer[32m: {"type":"pong","time":1657853707}
19:56:07.400 [37m-> Streamer[34m: {"type":"ping","time":1657853767}
19:56:07.401 [37m<- Streamer[32m: {"type":"pong","time":1657853767}
19:57:07.392 [37m-> Streamer[34m: {"type":"ping","time":1657853827}
19:57:07.393 [37m<- Streamer[32m: {"type":"pong","time":1657853827}
19:58:07.387 [37m-> Streamer[34m: {"type":"ping","time":1657853887}
19:58:07.388 [37m<- Streamer[32m: {"type":"pong","time":1657853887}
19:59:07.383 [37m-> Streamer[34m: {"type":"ping","time":1657853947}
19:59:07.384 [37m<- Streamer[32m: {"type":"pong","time":1657853947}
20:00:07.408 [37m-> Streamer[34m: {"type":"ping","time":1657854007}
20:00:07.409 [37m<- Streamer[32m: {"type":"pong","time":1657854007}
20:01:07.397 [37m-> Streamer[34m: {"type":"ping","time":1657854067}
20:01:07.398 [37m<- Streamer[32m: {"type":"pong","time":1657854067}
20:02:07.389 [37m-> Streamer[34m: {"type":"ping","time":1657854127}
20:02:07.391 [37m<- Streamer[32m: {"type":"pong","time":1657854127}
20:03:07.377 [37m-> Streamer[34m: {"type":"ping","time":1657854187}
20:03:07.378 [37m<- Streamer[32m: {"type":"pong","time":1657854187}
20:04:07.401 [37m-> Streamer[34m: {"type":"ping","time":1657854247}
20:04:07.402 [37m<- Streamer[32m: {"type":"pong","time":1657854247}
20:05:07.388 [37m-> Streamer[34m: {"type":"ping","time":1657854307}
20:05:07.389 [37m<- Streamer[32m: {"type":"pong","time":1657854307}
20:06:07.373 [37m-> Streamer[34m: {"type":"ping","time":1657854367}
20:06:07.374 [37m<- Streamer[32m: {"type":"pong","time":1657854367}
20:07:07.395 [37m-> Streamer[34m: {"type":"ping","time":1657854427}
20:07:07.396 [37m<- Streamer[32m: {"type":"pong","time":1657854427}
20:08:07.395 [37m-> Streamer[34m: {"type":"ping","time":1657854487}
20:08:07.397 [37m<- Streamer[32m: {"type":"pong","time":1657854487}
20:09:07.372 [37m-> Streamer[34m: {"type":"ping","time":1657854547}
20:09:07.372 [37m<- Streamer[32m: {"type":"pong","time":1657854547}
20:10:07.382 [37m-> Streamer[34m: {"type":"ping","time":1657854607}
20:10:07.384 [37m<- Streamer[32m: {"type":"pong","time":1657854607}
20:11:07.384 [37m-> Streamer[34m: {"type":"ping","time":1657854667}
20:11:07.385 [37m<- Streamer[32m: {"type":"pong","time":1657854667}
20:12:07.382 [37m-> Streamer[34m: {"type":"ping","time":1657854727}
20:12:07.383 [37m<- Streamer[32m: {"type":"pong","time":1657854727}
20:13:07.390 [37m-> Streamer[34m: {"type":"ping","time":1657854787}
20:13:07.391 [37m<- Streamer[32m: {"type":"pong","time":1657854787}
20:14:07.373 [37m-> Streamer[34m: {"type":"ping","time":1657854847}
20:14:07.374 [37m<- Streamer[32m: {"type":"pong","time":1657854847}
20:15:07.392 [37m-> Streamer[34m: {"type":"ping","time":1657854907}
20:15:07.393 [37m<- Streamer[32m: {"type":"pong","time":1657854907}
20:16:07.406 [37m-> Streamer[34m: {"type":"ping","time":1657854967}
20:16:07.407 [37m<- Streamer[32m: {"type":"pong","time":1657854967}
20:17:07.371 [37m-> Streamer[34m: {"type":"ping","time":1657855027}
20:17:07.372 [37m<- Streamer[32m: {"type":"pong","time":1657855027}
20:18:07.395 [37m-> Streamer[34m: {"type":"ping","time":1657855087}
20:18:07.396 [37m<- Streamer[32m: {"type":"pong","time":1657855087}
20:19:07.382 [37m-> Streamer[34m: {"type":"ping","time":1657855147}
20:19:07.383 [37m<- Streamer[32m: {"type":"pong","time":1657855147}
20:20:07.391 [37m-> Streamer[34m: {"type":"ping","time":1657855207}
20:20:07.392 [37m<- Streamer[32m: {"type":"pong","time":1657855207}
20:21:07.399 [37m-> Streamer[34m: {"type":"ping","time":1657855267}
20:21:07.400 [37m<- Streamer[32m: {"type":"pong","time":1657855267}
20:22:07.385 [37m-> Streamer[34m: {"type":"ping","time":1657855327}
20:22:07.387 [37m<- Streamer[32m: {"type":"pong","time":1657855327}
20:23:07.373 [37m-> Streamer[34m: {"type":"ping","time":1657855387}
20:23:07.374 [37m<- Streamer[32m: {"type":"pong","time":1657855387}
20:24:07.397 [37m-> Streamer[34m: {"type":"ping","time":1657855447}
20:24:07.398 [37m<- Streamer[32m: {"type":"pong","time":1657855447}
20:25:07.394 [37m-> Streamer[34m: {"type":"ping","time":1657855507}
20:25:07.395 [37m<- Streamer[32m: {"type":"pong","time":1657855507}
20:26:07.370 [37m-> Streamer[34m: {"type":"ping","time":1657855567}
20:26:07.371 [37m<- Streamer[32m: {"type":"pong","time":1657855567}
20:27:07.383 [37m-> Streamer[34m: {"type":"ping","time":1657855627}
20:27:07.384 [37m<- Streamer[32m: {"type":"pong","time":1657855627}
20:28:07.384 [37m-> Streamer[34m: {"type":"ping","time":1657855687}
20:28:07.385 [37m<- Streamer[32m: {"type":"pong","time":1657855687}
20:29:07.386 [37m-> Streamer[34m: {"type":"ping","time":1657855747}
20:29:07.387 [37m<- Streamer[32m: {"type":"pong","time":1657855747}
20:30:07.379 [37m-> Streamer[34m: {"type":"ping","time":1657855807}
20:30:07.380 [37m<- Streamer[32m: {"type":"pong","time":1657855807}
20:31:07.366 [37m-> Streamer[34m: {"type":"ping","time":1657855867}
20:31:07.367 [37m<- Streamer[32m: {"type":"pong","time":1657855867}
20:32:07.390 [37m-> Streamer[34m: {"type":"ping","time":1657855927}
20:32:07.391 [37m<- Streamer[32m: {"type":"pong","time":1657855927}
20:33:07.380 [37m-> Streamer[34m: {"type":"ping","time":1657855987}
20:33:07.381 [37m<- Streamer[32m: {"type":"pong","time":1657855987}
20:34:07.392 [37m-> Streamer[34m: {"type":"ping","time":1657856047}
20:34:07.393 [37m<- Streamer[32m: {"type":"pong","time":1657856047}
20:35:07.392 [37m-> Streamer[34m: {"type":"ping","time":1657856107}
20:35:07.394 [37m<- Streamer[32m: {"type":"pong","time":1657856107}
20:36:07.390 [37m-> Streamer[34m: {"type":"ping","time":1657856167}
20:36:07.391 [37m<- Streamer[32m: {"type":"pong","time":1657856167}
20:37:07.403 [37m-> Streamer[34m: {"type":"ping","time":1657856227}
20:37:07.404 [37m<- Streamer[32m: {"type":"pong","time":1657856227}
20:38:07.377 [37m-> Streamer[34m: {"type":"ping","time":1657856287}
20:38:07.378 [37m<- Streamer[32m: {"type":"pong","time":1657856287}
20:39:07.374 [37m-> Streamer[34m: {"type":"ping","time":1657856347}
20:39:07.375 [37m<- Streamer[32m: {"type":"pong","time":1657856347}
20:40:07.377 [37m-> Streamer[34m: {"type":"ping","time":1657856407}
20:40:07.378 [37m<- Streamer[32m: {"type":"pong","time":1657856407}
20:41:07.376 [37m-> Streamer[34m: {"type":"ping","time":1657856467}
20:41:07.377 [37m<- Streamer[32m: {"type":"pong","time":1657856467}
20:42:07.383 [37m-> Streamer[34m: {"type":"ping","time":1657856527}
20:42:07.385 [37m<- Streamer[32m: {"type":"pong","time":1657856527}
20:43:07.378 [37m-> Streamer[34m: {"type":"ping","time":1657856587}
20:43:07.379 [37m<- Streamer[32m: {"type":"pong","time":1657856587}
20:44:07.365 [37m-> Streamer[34m: {"type":"ping","time":1657856647}
20:44:07.366 [37m<- Streamer[32m: {"type":"pong","time":1657856647}
20:45:07.401 [37m-> Streamer[34m: {"type":"ping","time":1657856707}
20:45:07.402 [37m<- Streamer[32m: {"type":"pong","time":1657856707}
20:46:07.363 [37m-> Streamer[34m: {"type":"ping","time":1657856767}
20:46:07.364 [37m<- Streamer[32m: {"type":"pong","time":1657856767}
20:47:07.399 [37m-> Streamer[34m: {"type":"ping","time":1657856827}
20:47:07.399 [37m<- Streamer[32m: {"type":"pong","time":1657856827}
20:48:07.383 [37m-> Streamer[34m: {"type":"ping","time":1657856887}
20:48:07.384 [37m<- Streamer[32m: {"type":"pong","time":1657856887}
20:49:07.368 [37m-> Streamer[34m: {"type":"ping","time":1657856947}
20:49:07.369 [37m<- Streamer[32m: {"type":"pong","time":1657856947}
20:50:07.385 [37m-> Streamer[34m: {"type":"ping","time":1657857007}
20:50:07.386 [37m<- Streamer[32m: {"type":"pong","time":1657857007}
20:51:07.382 [37m-> Streamer[34m: {"type":"ping","time":1657857067}
20:51:07.382 [37m<- Streamer[32m: {"type":"pong","time":1657857067}
20:52:07.390 [37m-> Streamer[34m: {"type":"ping","time":1657857127}
20:52:07.391 [37m<- Streamer[32m: {"type":"pong","time":1657857127}
20:53:07.374 [37m-> Streamer[34m: {"type":"ping","time":1657857187}
20:53:07.375 [37m<- Streamer[32m: {"type":"pong","time":1657857187}
20:54:07.376 [37m-> Streamer[34m: {"type":"ping","time":1657857247}
20:54:07.377 [37m<- Streamer[32m: {"type":"pong","time":1657857247}
20:55:07.396 [37m-> Streamer[34m: {"type":"ping","time":1657857307}
20:55:07.397 [37m<- Streamer[32m: {"type":"pong","time":1657857307}
20:56:07.404 [37m-> Streamer[34m: {"type":"ping","time":1657857367}
20:56:07.405 [37m<- Streamer[32m: {"type":"pong","time":1657857367}
20:57:07.392 [37m-> Streamer[34m: {"type":"ping","time":1657857427}
20:57:07.393 [37m<- Streamer[32m: {"type":"pong","time":1657857427}
20:58:07.388 [37m-> Streamer[34m: {"type":"ping","time":1657857487}
20:58:07.389 [37m<- Streamer[32m: {"type":"pong","time":1657857487}
20:59:07.393 [37m-> Streamer[34m: {"type":"ping","time":1657857547}
20:59:07.394 [37m<- Streamer[32m: {"type":"pong","time":1657857547}
21:00:07.371 [37m-> Streamer[34m: {"type":"ping","time":1657857607}
21:00:07.372 [37m<- Streamer[32m: {"type":"pong","time":1657857607}
21:01:07.381 [37m-> Streamer[34m: {"type":"ping","time":1657857667}
21:01:07.382 [37m<- Streamer[32m: {"type":"pong","time":1657857667}
21:02:07.372 [37m-> Streamer[34m: {"type":"ping","time":1657857727}
21:02:07.378 [37m<- Streamer[32m: {"type":"pong","time":1657857727}
21:03:07.410 [37m-> Streamer[34m: {"type":"ping","time":1657857787}
21:03:07.411 [37m<- Streamer[32m: {"type":"pong","time":1657857787}
21:04:07.373 [37m-> Streamer[34m: {"type":"ping","time":1657857847}
21:04:07.374 [37m<- Streamer[32m: {"type":"pong","time":1657857847}
21:05:07.385 [37m-> Streamer[34m: {"type":"ping","time":1657857907}
21:05:07.386 [37m<- Streamer[32m: {"type":"pong","time":1657857907}
21:06:07.389 [37m-> Streamer[34m: {"type":"ping","time":1657857967}
21:06:07.389 [37m<- Streamer[32m: {"type":"pong","time":1657857967}
21:07:07.368 [37m-> Streamer[34m: {"type":"ping","time":1657858027}
21:07:07.369 [37m<- Streamer[32m: {"type":"pong","time":1657858027}
21:08:07.403 [37m-> Streamer[34m: {"type":"ping","time":1657858087}
21:08:07.404 [37m<- Streamer[32m: {"type":"pong","time":1657858087}
21:09:07.373 [37m-> Streamer[34m: {"type":"ping","time":1657858147}
21:09:07.374 [37m<- Streamer[32m: {"type":"pong","time":1657858147}
21:10:07.391 [37m-> Streamer[34m: {"type":"ping","time":1657858207}
21:10:07.392 [37m<- Streamer[32m: {"type":"pong","time":1657858207}
21:11:07.381 [37m-> Streamer[34m: {"type":"ping","time":1657858267}
21:11:07.382 [37m<- Streamer[32m: {"type":"pong","time":1657858267}
21:11:52.339 killing all players
