12:15:11.805 Config: {
	"UseFrontend": false,
	"UseMatchmaker": false,
	"UseHTTPS": false,
	"UseAuthentication": false,
	"LogToFile": true,
	"LogVerbose": true,
	"HomepageFile": "/Public/player.html",
	"AdditionalRoutes": {},
	"EnableWebserver": true,
	"MatchmakerAddress": "",
	"MatchmakerPort": "9999",
	"PublicIp": "localhost",
	"HttpPort": 80,
	"HttpsPort": 443,
	"StreamerPort": 8080,
	"SFUPort": 8889,
	"peerConnectionOptions": "{ \"iceServers\": [{\"urls\": [\"stun:stun.l.google.com:19302\"]}] }",
	"publicIp": "174.73.238.87"
}
12:15:11.827 peerConnectionOptions = {"iceServers":[{"urls":["stun:stun.l.google.com:19302"]}]}
12:15:11.831 Running Cirrus - The Pixel Streaming reference implementation signalling server for Unreal Engine 5.0.
12:15:11.839 WebSocket listening for Streamer connections on :8080
12:15:11.840 WebSocket listening for SFU connections on :8889
12:15:11.841 WebSocket listening for Players connections on :80
12:15:11.842 Http listening on *: 80
